WARNING: Logging before flag parsing goes to stderr.
W0813 23:15:07.975923 140485098751744 deprecation_wrapper.py:119] From /home/edal/anaconda3/lib/python3.7/site-packages/tfplot/figure.py:18: The name tf.Summary is deprecated. Please use tf.compat.v1.Summary instead.

W0813 23:15:07.978333 140485098751744 deprecation_wrapper.py:119] From train.py:91: The name tf.reset_default_graph is deprecated. Please use tf.compat.v1.reset_default_graph instead.

W0813 23:15:15.640316 140485098751744 deprecation_wrapper.py:119] From /home/edal/Documents/Ben/idlm_Ben/Tandem/data_reader.py:244: The name tf.data.Iterator is deprecated. Please use tf.compat.v1.data.Iterator instead.

W0813 23:15:15.640459 140485098751744 deprecation.py:323] From /home/edal/Documents/Ben/idlm_Ben/Tandem/data_reader.py:244: DatasetV1.output_types (from tensorflow.python.data.ops.dataset_ops) is deprecated and will be removed in a future version.
Instructions for updating:
Use `tf.compat.v1.data.get_output_types(dataset)`.
W0813 23:15:15.640517 140485098751744 deprecation.py:323] From /home/edal/Documents/Ben/idlm_Ben/Tandem/data_reader.py:244: DatasetV1.output_shapes (from tensorflow.python.data.ops.dataset_ops) is deprecated and will be removed in a future version.
Instructions for updating:
Use `tf.compat.v1.data.get_output_shapes(dataset)`.
W0813 23:15:15.642261 140485098751744 deprecation.py:323] From /home/edal/anaconda3/lib/python3.7/site-packages/tensorflow/python/data/ops/iterator_ops.py:348: Iterator.output_types (from tensorflow.python.data.ops.iterator_ops) is deprecated and will be removed in a future version.
Instructions for updating:
Use `tf.compat.v1.data.get_output_types(iterator)`.
W0813 23:15:15.642359 140485098751744 deprecation.py:323] From /home/edal/anaconda3/lib/python3.7/site-packages/tensorflow/python/data/ops/iterator_ops.py:349: Iterator.output_shapes (from tensorflow.python.data.ops.iterator_ops) is deprecated and will be removed in a future version.
Instructions for updating:
Use `tf.compat.v1.data.get_output_shapes(iterator)`.
W0813 23:15:15.642407 140485098751744 deprecation.py:323] From /home/edal/anaconda3/lib/python3.7/site-packages/tensorflow/python/data/ops/iterator_ops.py:351: Iterator.output_classes (from tensorflow.python.data.ops.iterator_ops) is deprecated and will be removed in a future version.
Instructions for updating:
Use `tf.compat.v1.data.get_output_classes(iterator)`.
W0813 23:15:15.648975 140485098751744 deprecation_wrapper.py:119] From /home/edal/Documents/Ben/idlm_Ben/Tandem/Tandem_network_maker.py:49: The name tf.train.exponential_decay is deprecated. Please use tf.compat.v1.train.exponential_decay instead.

W0813 23:15:15.655757 140485098751744 deprecation_wrapper.py:119] From /home/edal/Documents/Ben/idlm_Ben/Tandem/model_maker.py:67: The name tf.get_collection is deprecated. Please use tf.compat.v1.get_collection instead.

W0813 23:15:15.655832 140485098751744 deprecation_wrapper.py:119] From /home/edal/Documents/Ben/idlm_Ben/Tandem/model_maker.py:67: The name tf.GraphKeys is deprecated. Please use tf.compat.v1.GraphKeys instead.

W0813 23:15:15.655881 140485098751744 deprecation_wrapper.py:119] From /home/edal/Documents/Ben/idlm_Ben/Tandem/model_maker.py:68: The name tf.add_to_collection is deprecated. Please use tf.compat.v1.add_to_collection instead.

W0813 23:15:15.656851 140485098751744 deprecation.py:506] From /home/edal/anaconda3/lib/python3.7/site-packages/tensorflow/python/ops/init_ops.py:1251: calling VarianceScaling.__init__ (from tensorflow.python.ops.init_ops) with dtype is deprecated and will be removed in a future version.
Instructions for updating:
Call initializer instance with the dtype argument instead of passing it to the constructor
W0813 23:15:16.039099 140485098751744 lazy_loader.py:50] 
The TensorFlow contrib module will not be included in TensorFlow 2.0.
For more information, please see:
  * https://github.com/tensorflow/community/blob/master/rfcs/20180907-contrib-sunset.md
  * https://github.com/tensorflow/addons
  * https://github.com/tensorflow/io (for I/O related ops)
If you depend on functionality not listed there, please file an issue.

W0813 23:15:16.039262 140485098751744 deprecation.py:323] From /home/edal/Documents/Ben/idlm_Ben/Tandem/model_maker.py:80: dense (from tensorflow.python.layers.core) is deprecated and will be removed in a future version.
Instructions for updating:
Use keras.layers.dense instead.
W0813 23:15:16.302737 140485098751744 deprecation_wrapper.py:119] From /home/edal/Documents/Ben/idlm_Ben/Tandem/model_maker.py:82: The name tf.summary.merge_all is deprecated. Please use tf.compat.v1.summary.merge_all instead.

W0813 23:15:16.401543 140485098751744 deprecation_wrapper.py:119] From /home/edal/Documents/Ben/idlm_Ben/Tandem/model_maker.py:123: The name tf.summary.histogram is deprecated. Please use tf.compat.v1.summary.histogram instead.

W0813 23:15:16.442035 140485098751744 deprecation.py:323] From /home/edal/Documents/Ben/idlm_Ben/Tandem/model_maker.py:138: conv1d (from tensorflow.python.layers.convolutional) is deprecated and will be removed in a future version.
Instructions for updating:
Use `tf.keras.layers.Conv1D` instead.
W0813 23:15:16.498811 140485098751744 deprecation_wrapper.py:119] From /home/edal/Documents/Ben/idlm_Ben/Tandem/Tandem_network_maker.py:102: The name tf.losses.mean_squared_error is deprecated. Please use tf.compat.v1.losses.mean_squared_error instead.

W0813 23:15:16.504497 140485098751744 deprecation.py:323] From /home/edal/anaconda3/lib/python3.7/site-packages/tensorflow/python/ops/losses/losses_impl.py:121: add_dispatch_support.<locals>.wrapper (from tensorflow.python.ops.array_ops) is deprecated and will be removed in a future version.
Instructions for updating:
Use tf.where in 2.0, which has the same broadcast rule as np.where
W0813 23:15:16.509459 140485098751744 deprecation_wrapper.py:119] From /home/edal/Documents/Ben/idlm_Ben/Tandem/Tandem_network_maker.py:103: The name tf.losses.get_regularization_loss is deprecated. Please use tf.compat.v1.losses.get_regularization_loss instead.

W0813 23:15:16.510920 140485098751744 deprecation_wrapper.py:119] From /home/edal/Documents/Ben/idlm_Ben/Tandem/Tandem_network_maker.py:112: The name tf.train.AdamOptimizer is deprecated. Please use tf.compat.v1.train.AdamOptimizer instead.

W0813 23:15:17.667490 140485098751744 deprecation_wrapper.py:119] From /home/edal/Documents/Ben/idlm_Ben/Tandem/network_helper.py:154: The name tf.summary.scalar is deprecated. Please use tf.compat.v1.summary.scalar instead.

2019-08-13 23:15:17.673656: I tensorflow/stream_executor/platform/default/dso_loader.cc:42] Successfully opened dynamic library libcuda.so.1
