getting data files...
['bp35_OutMod.csv', 'bp36OutMod.csv', 'bp23_24_fix_Out.csv', 'bp27_28_fix_Out.csv', 'bp29_30_fix_Out.csv', 'bp25_OutMod.csv', 'bp26_OutMod.csv', 'bp32_OutMod.csv', 'bp28_OutMod.csv', 'bp35_36_fix_Out.csv', 'bp23_OutMod.csv', 'bp22_OutMod.csv', 'bp29_OutMod.csv', 'bp30_OutMod.csv', 'bp21_22_fix_Out.csv', 'bp27_OutMod.csv', 'bp31_OutMod.csv', 'bp21_OutMod.csv', 'bp24_OutMod.csv', 'bp25_26_fix_Out.csv', 'bp31_32_fix_Out.csv']
['bp24_OutMod.csv']
total number of training samples is 20998
total number of test samples is 1000 length of an input spectrum is 2001
downsampling output curves
length of downsampled train spectra is 300 for first, 300 for final,  set final layer size to be compatible with this number
length of downsampled test spectra is 300,  set final layer size to be compatible with this number
generating TF dataset
Before Backward Model there is: [<tf.Variable 'global_step:0' shape=() dtype=int64_ref>]
Backward_out.shape (10, 8)
backward_out.shape (10, 8)
features.shape (10, 8)
Geometry_tensor_shape (10, 8)
[[-1. -1. -1. -1.]]
shape of h: (10, 4)
shape of r: (10, 4)
shape of h_low: (1, 4)
Backward_out tensor is: Tensor("BackwardModel/backward_fc12/LeakyRelu:0", shape=(10, 8), dtype=float32)
[<tf.Variable 'global_step:0' shape=() dtype=int64_ref>, <tf.Variable 'BackwardModel/Conv1d/kernel:0' shape=(2, 1, 1) dtype=float32>, <tf.Variable 'BackwardModel/Conv1d/bias:0' shape=(1,) dtype=float32>, <tf.Variable 'backward_fc0/kernel:0' shape=(150, 100) dtype=float32_ref>, <tf.Variable 'backward_fc0/bias:0' shape=(100,) dtype=float32_ref>, <tf.Variable 'backward_fc1/kernel:0' shape=(100, 500) dtype=float32_ref>, <tf.Variable 'backward_fc1/bias:0' shape=(500,) dtype=float32_ref>, <tf.Variable 'backward_fc2/kernel:0' shape=(500, 1000) dtype=float32_ref>, <tf.Variable 'backward_fc2/bias:0' shape=(1000,) dtype=float32_ref>, <tf.Variable 'backward_fc3/kernel:0' shape=(1000, 1500) dtype=float32_ref>, <tf.Variable 'backward_fc3/bias:0' shape=(1500,) dtype=float32_ref>, <tf.Variable 'backward_fc4/kernel:0' shape=(1500, 2000) dtype=float32_ref>, <tf.Variable 'backward_fc4/bias:0' shape=(2000,) dtype=float32_ref>, <tf.Variable 'backward_fc5/kernel:0' shape=(2000, 2000) dtype=float32_ref>, <tf.Variable 'backward_fc5/bias:0' shape=(2000,) dtype=float32_ref>, <tf.Variable 'backward_fc6/kernel:0' shape=(2000, 1500) dtype=float32_ref>, <tf.Variable 'backward_fc6/bias:0' shape=(1500,) dtype=float32_ref>, <tf.Variable 'backward_fc7/kernel:0' shape=(1500, 1000) dtype=float32_ref>, <tf.Variable 'backward_fc7/bias:0' shape=(1000,) dtype=float32_ref>, <tf.Variable 'backward_fc8/kernel:0' shape=(1000, 500) dtype=float32_ref>, <tf.Variable 'backward_fc8/bias:0' shape=(500,) dtype=float32_ref>, <tf.Variable 'backward_fc9/kernel:0' shape=(500, 500) dtype=float32_ref>, <tf.Variable 'backward_fc9/bias:0' shape=(500,) dtype=float32_ref>, <tf.Variable 'backward_fc10/kernel:0' shape=(500, 300) dtype=float32_ref>, <tf.Variable 'backward_fc10/bias:0' shape=(300,) dtype=float32_ref>, <tf.Variable 'backward_fc11/kernel:0' shape=(300, 100) dtype=float32_ref>, <tf.Variable 'backward_fc11/bias:0' shape=(100,) dtype=float32_ref>, <tf.Variable 'backward_fc12/kernel:0' shape=(100, 8) dtype=float32_ref>, <tf.Variable 'backward_fc12/bias:0' shape=(8,) dtype=float32_ref>]
Training forward model now:
Step 0, loss: 3.94E+00
Step 0, loss: 0.00E+00
Step 100, loss: 5.71E+11
Step 100, loss: 0.00E+00
Step 200, loss: 5.19E+09
Step 200, loss: 0.00E+00
Step 300, loss: 3.60E+09
Step 300, loss: 0.00E+00
Step 400, loss: 1.47E+09
Step 400, loss: 0.00E+00
Step 500, loss: 5.68E+08
Step 500, loss: 0.00E+00
Eval @ Step 500, loss: 4.55E+08, duration 19.344s
Step 600, loss: 3.42E+08
Step 600, loss: 0.00E+00
Step 700, loss: 1.67E+08
Step 700, loss: 0.00E+00
Step 800, loss: 2.41E+08
Step 800, loss: 0.00E+00
Step 900, loss: 1.10E+08
Step 900, loss: 0.00E+00
Step 1000, loss: 3.99E+08
Step 1000, loss: 0.00E+00
Eval @ Step 1000, loss: 2.04E+08, duration 15.730s
Step 1100, loss: 7.68E+07
Step 1100, loss: 0.00E+00
Step 1200, loss: 1.85E+08
Step 1200, loss: 0.00E+00
Step 1300, loss: 4.27E+07
Step 1300, loss: 0.00E+00
Step 1400, loss: 3.83E+07
Step 1400, loss: 0.00E+00
Step 1500, loss: 5.55E+07
Step 1500, loss: 0.00E+00
Eval @ Step 1500, loss: 7.55E+07, duration 15.698s
Step 1600, loss: 2.68E+08
Step 1600, loss: 0.00E+00
Step 1700, loss: 2.31E+09
Step 1700, loss: 0.00E+00
Step 1800, loss: 2.00E+08
Step 1800, loss: 0.00E+00
Step 1900, loss: 1.35E+08
Step 1900, loss: 0.00E+00
Step 2000, loss: 4.48E+07
Step 2000, loss: 0.00E+00
Eval @ Step 2000, loss: 7.85E+07, duration 15.632s
Step 2100, loss: 5.31E+07
Step 2100, loss: 0.00E+00
Step 2200, loss: 8.10E+07
Step 2200, loss: 0.00E+00
Step 2300, loss: 4.01E+07
Step 2300, loss: 0.00E+00
Step 2400, loss: 8.31E+07
Step 2400, loss: 0.00E+00
Step 2500, loss: 2.02E+07
Step 2500, loss: 0.00E+00
Eval @ Step 2500, loss: 2.97E+07, duration 15.692s
Step 2600, loss: 2.28E+07
Step 2600, loss: 0.00E+00
Step 2700, loss: 1.24E+07
Step 2700, loss: 0.00E+00
Step 2800, loss: 1.35E+07
Step 2800, loss: 0.00E+00
Step 2900, loss: 1.12E+07
Step 2900, loss: 0.00E+00
Step 3000, loss: 1.48E+08
Step 3000, loss: 0.00E+00
Eval @ Step 3000, loss: 1.91E+08, duration 15.705s
Step 3100, loss: 1.20E+08
Step 3100, loss: 0.00E+00
Step 3200, loss: 2.40E+07
Step 3200, loss: 0.00E+00
Step 3300, loss: 1.60E+09
Step 3300, loss: 0.00E+00
Step 3400, loss: 3.57E+07
Step 3400, loss: 0.00E+00
Step 3500, loss: 4.01E+07
Step 3500, loss: 0.00E+00
Eval @ Step 3500, loss: 2.61E+07, duration 15.665s
Step 3600, loss: 1.56E+07
Step 3600, loss: 0.00E+00
Step 3700, loss: 8.07E+06
Step 3700, loss: 0.00E+00
Step 3800, loss: 6.11E+06
Step 3800, loss: 0.00E+00
Step 3900, loss: 1.02E+07
Step 3900, loss: 0.00E+00
Step 4000, loss: 5.89E+06
Step 4000, loss: 0.00E+00
Eval @ Step 4000, loss: 8.95E+06, duration 15.627s
Step 4100, loss: 5.18E+06
Step 4100, loss: 0.00E+00
Step 4200, loss: 1.20E+07
Step 4200, loss: 0.00E+00
Step 4300, loss: 3.20E+06
Step 4300, loss: 0.00E+00
Step 4400, loss: 3.67E+06
Step 4400, loss: 0.00E+00
Step 4500, loss: 2.57E+06
Step 4500, loss: 0.00E+00
Eval @ Step 4500, loss: 6.63E+06, duration 15.620s
Step 4600, loss: 4.70E+06
Step 4600, loss: 0.00E+00
Step 4700, loss: 3.54E+06
Step 4700, loss: 0.00E+00
Step 4800, loss: 1.16E+07
Step 4800, loss: 0.00E+00
Step 4900, loss: 3.77E+06
Step 4900, loss: 0.00E+00
Step 5000, loss: 5.82E+06
Step 5000, loss: 0.00E+00
Eval @ Step 5000, loss: 6.45E+06, duration 15.611s
Step 5100, loss: 5.07E+06
Step 5100, loss: 0.00E+00
Step 5200, loss: 1.67E+07
Step 5200, loss: 0.00E+00
Step 5300, loss: 6.26E+06
Step 5300, loss: 0.00E+00
Step 5400, loss: 2.98E+06
Step 5400, loss: 0.00E+00
Step 5500, loss: 1.65E+06
Step 5500, loss: 0.00E+00
Eval @ Step 5500, loss: 2.75E+06, duration 15.601s
Step 5600, loss: 5.06E+06
Step 5600, loss: 0.00E+00
Step 5700, loss: 3.69E+06
Step 5700, loss: 0.00E+00
Step 5800, loss: 3.18E+06
Step 5800, loss: 0.00E+00
Step 5900, loss: 2.97E+06
Step 5900, loss: 0.00E+00
Step 6000, loss: 1.29E+06
Step 6000, loss: 0.00E+00
Eval @ Step 6000, loss: 2.48E+06, duration 15.606s
Step 6100, loss: 4.93E+06
Step 6100, loss: 0.00E+00
Step 6200, loss: 2.73E+06
Step 6200, loss: 0.00E+00
Step 6300, loss: 3.89E+07
Step 6300, loss: 0.00E+00
Step 6400, loss: 3.31E+06
Step 6400, loss: 0.00E+00
Step 6500, loss: 1.54E+07
Step 6500, loss: 0.00E+00
Eval @ Step 6500, loss: 6.61E+06, duration 15.591s
Step 6600, loss: 3.04E+07
Step 6600, loss: 0.00E+00
Step 6700, loss: 2.99E+07
Step 6700, loss: 0.00E+00
Step 6800, loss: 4.85E+07
Step 6800, loss: 0.00E+00
Step 6900, loss: 1.20E+06
Step 6900, loss: 0.00E+00
Step 7000, loss: 1.84E+06
Step 7000, loss: 0.00E+00
Eval @ Step 7000, loss: 2.14E+06, duration 15.588s
Step 7100, loss: 3.26E+06
Step 7100, loss: 0.00E+00
Step 7200, loss: 1.74E+06
Step 7200, loss: 0.00E+00
Step 7300, loss: 1.36E+06
Step 7300, loss: 0.00E+00
Step 7400, loss: 1.03E+07
Step 7400, loss: 0.00E+00
Step 7500, loss: 2.63E+06
Step 7500, loss: 0.00E+00
Eval @ Step 7500, loss: 2.73E+06, duration 15.591s
Step 7600, loss: 1.52E+07
Step 7600, loss: 0.00E+00
Step 7700, loss: 1.60E+06
Step 7700, loss: 0.00E+00
Step 7800, loss: 1.44E+06
Step 7800, loss: 0.00E+00
Step 7900, loss: 2.13E+06
Step 7900, loss: 0.00E+00
Step 8000, loss: 4.63E+05
Step 8000, loss: 0.00E+00
Eval @ Step 8000, loss: 7.61E+05, duration 15.607s
Step 8100, loss: 4.05E+05
Step 8100, loss: 0.00E+00
Step 8200, loss: 2.19E+06
Step 8200, loss: 0.00E+00
Step 8300, loss: 1.78E+06
Step 8300, loss: 0.00E+00
Step 8400, loss: 1.44E+05
Step 8400, loss: 0.00E+00
Step 8500, loss: 6.01E+05
Step 8500, loss: 0.00E+00
Eval @ Step 8500, loss: 7.29E+05, duration 15.604s
Step 8600, loss: 4.73E+05
Step 8600, loss: 0.00E+00
Step 8700, loss: 5.42E+05
Step 8700, loss: 0.00E+00
Step 8800, loss: 2.96E+05
Step 8800, loss: 0.00E+00
Step 8900, loss: 2.45E+06
Step 8900, loss: 0.00E+00
Step 9000, loss: 3.94E+05
Step 9000, loss: 0.00E+00
Eval @ Step 9000, loss: 6.03E+05, duration 15.583s
Step 9100, loss: 3.41E+05
Step 9100, loss: 0.00E+00
Step 9200, loss: 3.89E+05
Step 9200, loss: 0.00E+00
Step 9300, loss: 1.65E+05
Step 9300, loss: 0.00E+00
Step 9400, loss: 4.15E+05
Step 9400, loss: 0.00E+00
Step 9500, loss: 3.39E+05
Step 9500, loss: 0.00E+00
Eval @ Step 9500, loss: 2.88E+05, duration 15.590s
Step 9600, loss: 7.41E+06
Step 9600, loss: 0.00E+00
Step 9700, loss: 1.32E+06
Step 9700, loss: 0.00E+00
Step 9800, loss: 2.63E+07
Step 9800, loss: 0.00E+00
Step 9900, loss: 7.44E+05
Step 9900, loss: 0.00E+00
Step 10000, loss: 8.72E+05
Step 10000, loss: 0.00E+00
Eval @ Step 10000, loss: 6.04E+05, duration 15.574s
Step 10100, loss: 2.79E+05
Step 10100, loss: 0.00E+00
Step 10200, loss: 1.79E+05
Step 10200, loss: 0.00E+00
Step 10300, loss: 7.92E+05
Step 10300, loss: 0.00E+00
Step 10400, loss: 2.29E+05
Step 10400, loss: 0.00E+00
Step 10500, loss: 1.81E+05
Step 10500, loss: 0.00E+00
Eval @ Step 10500, loss: 3.05E+05, duration 15.588s
Step 10600, loss: 7.67E+05
Step 10600, loss: 0.00E+00
Step 10700, loss: 2.94E+05
Step 10700, loss: 0.00E+00
Step 10800, loss: 4.05E+06
Step 10800, loss: 0.00E+00
Step 10900, loss: NAN
Step 10900, loss: 0.00E+00
Step 11000, loss: NAN
Step 11000, loss: 0.00E+00
Eval @ Step 11000, loss: NAN, duration 15.587s
Step 11100, loss: NAN
Step 11100, loss: 0.00E+00
Step 11200, loss: NAN
Step 11200, loss: 0.00E+00
Step 11300, loss: NAN
Step 11300, loss: 0.00E+00
Step 11400, loss: NAN
Step 11400, loss: 0.00E+00
Step 11500, loss: NAN
Step 11500, loss: 0.00E+00
Eval @ Step 11500, loss: NAN, duration 15.600s
Step 11600, loss: NAN
Step 11600, loss: 0.00E+00
Step 11700, loss: NAN
Step 11700, loss: 0.00E+00
Step 11800, loss: NAN
Step 11800, loss: 0.00E+00
Step 11900, loss: NAN
Step 11900, loss: 0.00E+00
Step 12000, loss: NAN
Step 12000, loss: 0.00E+00
Eval @ Step 12000, loss: NAN, duration 15.593s
Step 12100, loss: NAN
Step 12100, loss: 0.00E+00
Step 12200, loss: NAN
Step 12200, loss: 0.00E+00
Step 12300, loss: NAN
Step 12300, loss: 0.00E+00
Step 12400, loss: NAN
Step 12400, loss: 0.00E+00
Step 12500, loss: NAN
Step 12500, loss: 0.00E+00
Eval @ Step 12500, loss: NAN, duration 15.591s
Step 12600, loss: NAN
Step 12600, loss: 0.00E+00
Step 12700, loss: NAN
Step 12700, loss: 0.00E+00
Step 12800, loss: NAN
Step 12800, loss: 0.00E+00
Step 12900, loss: NAN
Step 12900, loss: 0.00E+00
Step 13000, loss: NAN
Step 13000, loss: 0.00E+00
Eval @ Step 13000, loss: NAN, duration 15.594s
Step 13100, loss: NAN
Step 13100, loss: 0.00E+00
Step 13200, loss: NAN
Step 13200, loss: 0.00E+00
Step 13300, loss: NAN
Step 13300, loss: 0.00E+00
Step 13400, loss: NAN
Step 13400, loss: 0.00E+00
Step 13500, loss: NAN
Step 13500, loss: 0.00E+00
Eval @ Step 13500, loss: NAN, duration 15.578s
Step 13600, loss: NAN
Step 13600, loss: 0.00E+00
Step 13700, loss: NAN
Step 13700, loss: 0.00E+00
Step 13800, loss: NAN
Step 13800, loss: 0.00E+00
Step 13900, loss: NAN
Step 13900, loss: 0.00E+00
Step 14000, loss: NAN
Step 14000, loss: 0.00E+00
Eval @ Step 14000, loss: NAN, duration 15.542s
Step 14100, loss: NAN
Step 14100, loss: 0.00E+00
Step 14200, loss: NAN
Step 14200, loss: 0.00E+00
Step 14300, loss: NAN
Step 14300, loss: 0.00E+00
Step 14400, loss: NAN
Step 14400, loss: 0.00E+00
Step 14500, loss: NAN
Step 14500, loss: 0.00E+00
Eval @ Step 14500, loss: NAN, duration 15.592s
Step 14600, loss: NAN
Step 14600, loss: 0.00E+00
Step 14700, loss: NAN
Step 14700, loss: 0.00E+00
Step 14800, loss: NAN
Step 14800, loss: 0.00E+00
Step 14900, loss: NAN
Step 14900, loss: 0.00E+00
Step 15000, loss: NAN
Step 15000, loss: 0.00E+00
Eval @ Step 15000, loss: NAN, duration 15.616s
Step 15100, loss: NAN
Step 15100, loss: 0.00E+00
Step 15200, loss: NAN
Step 15200, loss: 0.00E+00
Step 15300, loss: NAN
Step 15300, loss: 0.00E+00
Step 15400, loss: NAN
Step 15400, loss: 0.00E+00
Step 15500, loss: NAN
Step 15500, loss: 0.00E+00
Eval @ Step 15500, loss: NAN, duration 15.600s
Step 15600, loss: NAN
Step 15600, loss: 0.00E+00
Step 15700, loss: NAN
Step 15700, loss: 0.00E+00
Step 15800, loss: NAN
Step 15800, loss: 0.00E+00
Step 15900, loss: NAN
Step 15900, loss: 0.00E+00
Step 16000, loss: NAN
Step 16000, loss: 0.00E+00
Eval @ Step 16000, loss: NAN, duration 15.597s
Step 16100, loss: NAN
Step 16100, loss: 0.00E+00
Step 16200, loss: NAN
Step 16200, loss: 0.00E+00
Step 16300, loss: NAN
Step 16300, loss: 0.00E+00
Step 16400, loss: NAN
Step 16400, loss: 0.00E+00
Step 16500, loss: NAN
Step 16500, loss: 0.00E+00
Eval @ Step 16500, loss: NAN, duration 15.587s
Step 16600, loss: NAN
Step 16600, loss: 0.00E+00
Step 16700, loss: NAN
Step 16700, loss: 0.00E+00
Step 16800, loss: NAN
Step 16800, loss: 0.00E+00
Step 16900, loss: NAN
Step 16900, loss: 0.00E+00
Step 17000, loss: NAN
Step 17000, loss: 0.00E+00
Eval @ Step 17000, loss: NAN, duration 15.608s
Step 17100, loss: NAN
Step 17100, loss: 0.00E+00
Step 17200, loss: NAN
Step 17200, loss: 0.00E+00
Step 17300, loss: NAN
Step 17300, loss: 0.00E+00
Step 17400, loss: NAN
Step 17400, loss: 0.00E+00
Step 17500, loss: NAN
Step 17500, loss: 0.00E+00
Eval @ Step 17500, loss: NAN, duration 15.589s
Step 17600, loss: NAN
Step 17600, loss: 0.00E+00
Step 17700, loss: NAN
Step 17700, loss: 0.00E+00
Step 17800, loss: NAN
Step 17800, loss: 0.00E+00
Step 17900, loss: NAN
Step 17900, loss: 0.00E+00
Step 18000, loss: NAN
Step 18000, loss: 0.00E+00
Eval @ Step 18000, loss: NAN, duration 15.590s
Step 18100, loss: NAN
Step 18100, loss: 0.00E+00
Step 18200, loss: NAN
Step 18200, loss: 0.00E+00
Step 18300, loss: NAN
Step 18300, loss: 0.00E+00
Step 18400, loss: NAN
Step 18400, loss: 0.00E+00
Step 18500, loss: NAN
Step 18500, loss: 0.00E+00
Eval @ Step 18500, loss: NAN, duration 15.588s
Step 18600, loss: NAN
Step 18600, loss: 0.00E+00
Step 18700, loss: NAN
Step 18700, loss: 0.00E+00
Step 18800, loss: NAN
Step 18800, loss: 0.00E+00
Step 18900, loss: NAN
Step 18900, loss: 0.00E+00
Step 19000, loss: NAN
Step 19000, loss: 0.00E+00
Eval @ Step 19000, loss: NAN, duration 15.576s
Step 19100, loss: NAN
Step 19100, loss: 0.00E+00
Step 19200, loss: NAN
Step 19200, loss: 0.00E+00
Step 19300, loss: NAN
Step 19300, loss: 0.00E+00
Step 19400, loss: NAN
Step 19400, loss: 0.00E+00
Step 19500, loss: NAN
Step 19500, loss: 0.00E+00
Eval @ Step 19500, loss: NAN, duration 15.593s
Step 19600, loss: NAN
Step 19600, loss: 0.00E+00
Step 19700, loss: NAN
Step 19700, loss: 0.00E+00
Step 19800, loss: NAN
Step 19800, loss: 0.00E+00
Step 19900, loss: NAN
Step 19900, loss: 0.00E+00
Step 20000, loss: NAN
Step 20000, loss: 0.00E+00
Eval @ Step 20000, loss: NAN, duration 15.594s
Step 20100, loss: NAN
Step 20100, loss: 0.00E+00
Step 20200, loss: NAN
Step 20200, loss: 0.00E+00
Step 20300, loss: NAN
Step 20300, loss: 0.00E+00
Step 20400, loss: NAN
Step 20400, loss: 0.00E+00
Step 20500, loss: NAN
Step 20500, loss: 0.00E+00
Eval @ Step 20500, loss: NAN, duration 15.593s
Step 20600, loss: NAN
Step 20600, loss: 0.00E+00
Step 20700, loss: NAN
Step 20700, loss: 0.00E+00
Step 20800, loss: NAN
Step 20800, loss: 0.00E+00
Step 20900, loss: NAN
Step 20900, loss: 0.00E+00
Step 21000, loss: NAN
Step 21000, loss: 0.00E+00
Eval @ Step 21000, loss: NAN, duration 15.591s
Step 21100, loss: NAN
Step 21100, loss: 0.00E+00
Step 21200, loss: NAN
Step 21200, loss: 0.00E+00
Step 21300, loss: NAN
Step 21300, loss: 0.00E+00
Step 21400, loss: NAN
Step 21400, loss: 0.00E+00
Step 21500, loss: NAN
Step 21500, loss: 0.00E+00
Eval @ Step 21500, loss: NAN, duration 15.602s
Step 21600, loss: NAN
Step 21600, loss: 0.00E+00
Step 21700, loss: NAN
Step 21700, loss: 0.00E+00
Step 21800, loss: NAN
Step 21800, loss: 0.00E+00
Step 21900, loss: NAN
Step 21900, loss: 0.00E+00
Step 22000, loss: NAN
Step 22000, loss: 0.00E+00
Eval @ Step 22000, loss: NAN, duration 15.572s
Step 22100, loss: NAN
Step 22100, loss: 0.00E+00
Step 22200, loss: NAN
Step 22200, loss: 0.00E+00
Step 22300, loss: NAN
Step 22300, loss: 0.00E+00
Step 22400, loss: NAN
Step 22400, loss: 0.00E+00
Step 22500, loss: NAN
Step 22500, loss: 0.00E+00
Eval @ Step 22500, loss: NAN, duration 15.574s
Step 22600, loss: NAN
Step 22600, loss: 0.00E+00
Step 22700, loss: NAN
Step 22700, loss: 0.00E+00
Step 22800, loss: NAN
Step 22800, loss: 0.00E+00
Step 22900, loss: NAN
Step 22900, loss: 0.00E+00
Step 23000, loss: NAN
Step 23000, loss: 0.00E+00
Eval @ Step 23000, loss: NAN, duration 15.597s
Step 23100, loss: NAN
Step 23100, loss: 0.00E+00
Step 23200, loss: NAN
Step 23200, loss: 0.00E+00
Step 23300, loss: NAN
Step 23300, loss: 0.00E+00
Step 23400, loss: NAN
Step 23400, loss: 0.00E+00
Step 23500, loss: NAN
Step 23500, loss: 0.00E+00
Eval @ Step 23500, loss: NAN, duration 15.598s
Step 23600, loss: NAN
Step 23600, loss: 0.00E+00
Step 23700, loss: NAN
Step 23700, loss: 0.00E+00
Step 23800, loss: NAN
Step 23800, loss: 0.00E+00
Step 23900, loss: NAN
Step 23900, loss: 0.00E+00
Step 24000, loss: NAN
Step 24000, loss: 0.00E+00
Eval @ Step 24000, loss: NAN, duration 15.597s
Step 24100, loss: NAN
Step 24100, loss: 0.00E+00
Step 24200, loss: NAN
Step 24200, loss: 0.00E+00
Step 24300, loss: NAN
Step 24300, loss: 0.00E+00
Step 24400, loss: NAN
Step 24400, loss: 0.00E+00
Step 24500, loss: NAN
Step 24500, loss: 0.00E+00
Eval @ Step 24500, loss: NAN, duration 15.597s
Step 24600, loss: NAN
Step 24600, loss: 0.00E+00
Step 24700, loss: NAN
Step 24700, loss: 0.00E+00
Step 24800, loss: NAN
Step 24800, loss: 0.00E+00
Step 24900, loss: NAN
Step 24900, loss: 0.00E+00
Step 25000, loss: NAN
Step 25000, loss: 0.00E+00
Eval @ Step 25000, loss: NAN, duration 15.592s
Step 25100, loss: NAN
Step 25100, loss: 0.00E+00
Step 25200, loss: NAN
Step 25200, loss: 0.00E+00
Step 25300, loss: NAN
Step 25300, loss: 0.00E+00
Step 25400, loss: NAN
Step 25400, loss: 0.00E+00
Step 25500, loss: NAN
Step 25500, loss: 0.00E+00
Eval @ Step 25500, loss: NAN, duration 15.559s
Step 25600, loss: NAN
Step 25600, loss: 0.00E+00
Step 25700, loss: NAN
Step 25700, loss: 0.00E+00
Step 25800, loss: NAN
Step 25800, loss: 0.00E+00
Step 25900, loss: NAN
Step 25900, loss: 0.00E+00
Step 26000, loss: NAN
Step 26000, loss: 0.00E+00
Eval @ Step 26000, loss: NAN, duration 15.588s
Step 26100, loss: NAN
Step 26100, loss: 0.00E+00
Step 26200, loss: NAN
Step 26200, loss: 0.00E+00
Step 26300, loss: NAN
Step 26300, loss: 0.00E+00
Step 26400, loss: NAN
Step 26400, loss: 0.00E+00
Step 26500, loss: NAN
Step 26500, loss: 0.00E+00
Eval @ Step 26500, loss: NAN, duration 15.583s
Step 26600, loss: NAN
Step 26600, loss: 0.00E+00
Step 26700, loss: NAN
Step 26700, loss: 0.00E+00
Step 26800, loss: NAN
Step 26800, loss: 0.00E+00
Step 26900, loss: NAN
Step 26900, loss: 0.00E+00
Step 27000, loss: NAN
Step 27000, loss: 0.00E+00
Eval @ Step 27000, loss: NAN, duration 15.594s
Step 27100, loss: NAN
Step 27100, loss: 0.00E+00
Step 27200, loss: NAN
Step 27200, loss: 0.00E+00
Step 27300, loss: NAN
Step 27300, loss: 0.00E+00
Step 27400, loss: NAN
Step 27400, loss: 0.00E+00
Step 27500, loss: NAN
Step 27500, loss: 0.00E+00
Eval @ Step 27500, loss: NAN, duration 15.569s
Step 27600, loss: NAN
Step 27600, loss: 0.00E+00
Step 27700, loss: NAN
Step 27700, loss: 0.00E+00
Step 27800, loss: NAN
Step 27800, loss: 0.00E+00
Step 27900, loss: NAN
Step 27900, loss: 0.00E+00
Step 28000, loss: NAN
Step 28000, loss: 0.00E+00
Eval @ Step 28000, loss: NAN, duration 15.595s
Step 28100, loss: NAN
Step 28100, loss: 0.00E+00
Step 28200, loss: NAN
Step 28200, loss: 0.00E+00
Step 28300, loss: NAN
Step 28300, loss: 0.00E+00
Step 28400, loss: NAN
Step 28400, loss: 0.00E+00
Step 28500, loss: NAN
Step 28500, loss: 0.00E+00
Eval @ Step 28500, loss: NAN, duration 15.592s
Step 28600, loss: NAN
Step 28600, loss: 0.00E+00
Step 28700, loss: NAN
Step 28700, loss: 0.00E+00
Step 28800, loss: NAN
Step 28800, loss: 0.00E+00
Step 28900, loss: NAN
Step 28900, loss: 0.00E+00
Step 29000, loss: NAN
Step 29000, loss: 0.00E+00
Eval @ Step 29000, loss: NAN, duration 15.573s
Step 29100, loss: NAN
Step 29100, loss: 0.00E+00
Step 29200, loss: NAN
Step 29200, loss: 0.00E+00
Step 29300, loss: NAN
Step 29300, loss: 0.00E+00
Step 29400, loss: NAN
Step 29400, loss: 0.00E+00
Step 29500, loss: NAN
Step 29500, loss: 0.00E+00
Eval @ Step 29500, loss: NAN, duration 15.586s
Step 29600, loss: NAN
Step 29600, loss: 0.00E+00
Step 29700, loss: NAN
Step 29700, loss: 0.00E+00
Step 29800, loss: NAN
Step 29800, loss: 0.00E+00
Step 29900, loss: NAN
Step 29900, loss: 0.00E+00
Training tandem model now:
Step 0, loss: NAN
Step 0, loss: 0.00E+00
Step 100, loss: NAN
Step 100, loss: 0.00E+00
Step 200, loss: NAN
Step 200, loss: 0.00E+00
Step 300, loss: NAN
Step 300, loss: 0.00E+00
Step 400, loss: NAN
Step 400, loss: 0.00E+00
Step 500, loss: NAN
Step 500, loss: 0.00E+00
Eval @ Step 500, loss: NAN, duration 960.706s
Step 600, loss: NAN
Step 600, loss: 0.00E+00
Step 700, loss: NAN
Step 700, loss: 0.00E+00
Step 800, loss: NAN
Step 800, loss: 0.00E+00
Step 900, loss: NAN
Step 900, loss: 0.00E+00
Step 1000, loss: NAN
Step 1000, loss: 0.00E+00
Eval @ Step 1000, loss: NAN, duration 20.401s
Step 1100, loss: NAN
Step 1100, loss: 0.00E+00
Step 1200, loss: NAN
Step 1200, loss: 0.00E+00
Step 1300, loss: NAN
Step 1300, loss: 0.00E+00
Step 1400, loss: NAN
Step 1400, loss: 0.00E+00
Step 1500, loss: NAN
Step 1500, loss: 0.00E+00
Eval @ Step 1500, loss: NAN, duration 20.377s
Step 1600, loss: NAN
Step 1600, loss: 0.00E+00
Step 1700, loss: NAN
Step 1700, loss: 0.00E+00
Step 1800, loss: NAN
Step 1800, loss: 0.00E+00
Step 1900, loss: NAN
Step 1900, loss: 0.00E+00
Step 2000, loss: NAN
Step 2000, loss: 0.00E+00
Eval @ Step 2000, loss: NAN, duration 20.396s
Step 2100, loss: NAN
Step 2100, loss: 0.00E+00
Step 2200, loss: NAN
Step 2200, loss: 0.00E+00
Step 2300, loss: NAN
Step 2300, loss: 0.00E+00
Step 2400, loss: NAN
Step 2400, loss: 0.00E+00
Step 2500, loss: NAN
Step 2500, loss: 0.00E+00
Eval @ Step 2500, loss: NAN, duration 20.346s
Step 2600, loss: NAN
Step 2600, loss: 0.00E+00
Step 2700, loss: NAN
Step 2700, loss: 0.00E+00
Step 2800, loss: NAN
Step 2800, loss: 0.00E+00
Step 2900, loss: NAN
Step 2900, loss: 0.00E+00
Step 3000, loss: NAN
Step 3000, loss: 0.00E+00
Eval @ Step 3000, loss: NAN, duration 20.332s
Step 3100, loss: NAN
Step 3100, loss: 0.00E+00
Step 3200, loss: NAN
Step 3200, loss: 0.00E+00
Step 3300, loss: NAN
Step 3300, loss: 0.00E+00
Step 3400, loss: NAN
Step 3400, loss: 0.00E+00
Step 3500, loss: NAN
Step 3500, loss: 0.00E+00
Eval @ Step 3500, loss: NAN, duration 20.367s
Step 3600, loss: NAN
Step 3600, loss: 0.00E+00
Step 3700, loss: NAN
Step 3700, loss: 0.00E+00
Step 3800, loss: NAN
Step 3800, loss: 0.00E+00
Step 3900, loss: NAN
Step 3900, loss: 0.00E+00
Step 4000, loss: NAN
Step 4000, loss: 0.00E+00
Eval @ Step 4000, loss: NAN, duration 20.283s
Step 4100, loss: NAN
Step 4100, loss: 0.00E+00
Step 4200, loss: NAN
Step 4200, loss: 0.00E+00
Step 4300, loss: NAN
Step 4300, loss: 0.00E+00
Step 4400, loss: NAN
Step 4400, loss: 0.00E+00
Step 4500, loss: NAN
Step 4500, loss: 0.00E+00
Eval @ Step 4500, loss: NAN, duration 20.297s
Step 4600, loss: NAN
Step 4600, loss: 0.00E+00
Step 4700, loss: NAN
Step 4700, loss: 0.00E+00
Step 4800, loss: NAN
Step 4800, loss: 0.00E+00
Step 4900, loss: NAN
Step 4900, loss: 0.00E+00
Step 5000, loss: NAN
Step 5000, loss: 0.00E+00
Eval @ Step 5000, loss: NAN, duration 20.282s
Step 5100, loss: NAN
Step 5100, loss: 0.00E+00
Step 5200, loss: NAN
Step 5200, loss: 0.00E+00
Step 5300, loss: NAN
Step 5300, loss: 0.00E+00
Step 5400, loss: NAN
Step 5400, loss: 0.00E+00
Step 5500, loss: NAN
Step 5500, loss: 0.00E+00
Eval @ Step 5500, loss: NAN, duration 20.325s
Step 5600, loss: NAN
Step 5600, loss: 0.00E+00
Step 5700, loss: NAN
Step 5700, loss: 0.00E+00
Step 5800, loss: NAN
Step 5800, loss: 0.00E+00
Step 5900, loss: NAN
Step 5900, loss: 0.00E+00
Step 6000, loss: NAN
Step 6000, loss: 0.00E+00
Eval @ Step 6000, loss: NAN, duration 20.396s
Step 6100, loss: NAN
Step 6100, loss: 0.00E+00
Step 6200, loss: NAN
Step 6200, loss: 0.00E+00
Step 6300, loss: NAN
Step 6300, loss: 0.00E+00
Step 6400, loss: NAN
Step 6400, loss: 0.00E+00
Step 6500, loss: NAN
Step 6500, loss: 0.00E+00
Eval @ Step 6500, loss: NAN, duration 20.358s
Step 6600, loss: NAN
Step 6600, loss: 0.00E+00
Step 6700, loss: NAN
Step 6700, loss: 0.00E+00
Step 6800, loss: NAN
Step 6800, loss: 0.00E+00
Step 6900, loss: NAN
Step 6900, loss: 0.00E+00
Step 7000, loss: NAN
Step 7000, loss: 0.00E+00
Eval @ Step 7000, loss: NAN, duration 20.389s
Step 7100, loss: NAN
Step 7100, loss: 0.00E+00
Step 7200, loss: NAN
Step 7200, loss: 0.00E+00
Step 7300, loss: NAN
Step 7300, loss: 0.00E+00
Step 7400, loss: NAN
Step 7400, loss: 0.00E+00
Step 7500, loss: NAN
Step 7500, loss: 0.00E+00
Eval @ Step 7500, loss: NAN, duration 20.406s
Step 7600, loss: NAN
Step 7600, loss: 0.00E+00
Step 7700, loss: NAN
Step 7700, loss: 0.00E+00
Step 7800, loss: NAN
Step 7800, loss: 0.00E+00
Step 7900, loss: NAN
Step 7900, loss: 0.00E+00
Step 8000, loss: NAN
Step 8000, loss: 0.00E+00
Eval @ Step 8000, loss: NAN, duration 20.302s
Step 8100, loss: NAN
Step 8100, loss: 0.00E+00
Step 8200, loss: NAN
Step 8200, loss: 0.00E+00
Step 8300, loss: NAN
Step 8300, loss: 0.00E+00
Step 8400, loss: NAN
Step 8400, loss: 0.00E+00
Step 8500, loss: NAN
Step 8500, loss: 0.00E+00
Eval @ Step 8500, loss: NAN, duration 20.284s
Step 8600, loss: NAN
Step 8600, loss: 0.00E+00
Step 8700, loss: NAN
Step 8700, loss: 0.00E+00
Step 8800, loss: NAN
Step 8800, loss: 0.00E+00
Step 8900, loss: NAN
Step 8900, loss: 0.00E+00
Step 9000, loss: NAN
Step 9000, loss: 0.00E+00
Eval @ Step 9000, loss: NAN, duration 20.293s
Step 9100, loss: NAN
Step 9100, loss: 0.00E+00
Step 9200, loss: NAN
Step 9200, loss: 0.00E+00
Step 9300, loss: NAN
Step 9300, loss: 0.00E+00
Step 9400, loss: NAN
Step 9400, loss: 0.00E+00
Step 9500, loss: NAN
Step 9500, loss: 0.00E+00
Eval @ Step 9500, loss: NAN, duration 20.395s
Step 9600, loss: NAN
Step 9600, loss: 0.00E+00
Step 9700, loss: NAN
Step 9700, loss: 0.00E+00
Step 9800, loss: NAN
Step 9800, loss: 0.00E+00
Step 9900, loss: NAN
Step 9900, loss: 0.00E+00
Step 10000, loss: NAN
Step 10000, loss: 0.00E+00
Eval @ Step 10000, loss: NAN, duration 20.416s
Step 10100, loss: NAN
Step 10100, loss: 0.00E+00
Step 10200, loss: NAN
Step 10200, loss: 0.00E+00
Step 10300, loss: NAN
Step 10300, loss: 0.00E+00
Step 10400, loss: NAN
Step 10400, loss: 0.00E+00
Step 10500, loss: NAN
Step 10500, loss: 0.00E+00
Eval @ Step 10500, loss: NAN, duration 20.269s
Step 10600, loss: NAN
Step 10600, loss: 0.00E+00
Step 10700, loss: NAN
Step 10700, loss: 0.00E+00
Step 10800, loss: NAN
Step 10800, loss: 0.00E+00
Step 10900, loss: NAN
Step 10900, loss: 0.00E+00
Step 11000, loss: NAN
Step 11000, loss: 0.00E+00
Eval @ Step 11000, loss: NAN, duration 20.332s
Step 11100, loss: NAN
Step 11100, loss: 0.00E+00
Step 11200, loss: NAN
Step 11200, loss: 0.00E+00
Step 11300, loss: NAN
Step 11300, loss: 0.00E+00
Step 11400, loss: NAN
Step 11400, loss: 0.00E+00
Step 11500, loss: NAN
Step 11500, loss: 0.00E+00
Eval @ Step 11500, loss: NAN, duration 20.390s
Step 11600, loss: NAN
Step 11600, loss: 0.00E+00
Step 11700, loss: NAN
Step 11700, loss: 0.00E+00
Step 11800, loss: NAN
Step 11800, loss: 0.00E+00
Step 11900, loss: NAN
Step 11900, loss: 0.00E+00
Step 12000, loss: NAN
Step 12000, loss: 0.00E+00
Eval @ Step 12000, loss: NAN, duration 20.357s
Step 12100, loss: NAN
Step 12100, loss: 0.00E+00
Step 12200, loss: NAN
Step 12200, loss: 0.00E+00
Step 12300, loss: NAN
Step 12300, loss: 0.00E+00
Step 12400, loss: NAN
Step 12400, loss: 0.00E+00
Step 12500, loss: NAN
Step 12500, loss: 0.00E+00
Eval @ Step 12500, loss: NAN, duration 20.321s
Step 12600, loss: NAN
Step 12600, loss: 0.00E+00
Step 12700, loss: NAN
Step 12700, loss: 0.00E+00
Step 12800, loss: NAN
Step 12800, loss: 0.00E+00
Step 12900, loss: NAN
Step 12900, loss: 0.00E+00
Step 13000, loss: NAN
Step 13000, loss: 0.00E+00
Eval @ Step 13000, loss: NAN, duration 20.259s
Step 13100, loss: NAN
Step 13100, loss: 0.00E+00
Step 13200, loss: NAN
Step 13200, loss: 0.00E+00
Step 13300, loss: NAN
Step 13300, loss: 0.00E+00
Step 13400, loss: NAN
Step 13400, loss: 0.00E+00
Step 13500, loss: NAN
Step 13500, loss: 0.00E+00
Eval @ Step 13500, loss: NAN, duration 20.321s
Step 13600, loss: NAN
Step 13600, loss: 0.00E+00
Step 13700, loss: NAN
Step 13700, loss: 0.00E+00
Step 13800, loss: NAN
Step 13800, loss: 0.00E+00
Step 13900, loss: NAN
Step 13900, loss: 0.00E+00
Step 14000, loss: NAN
Step 14000, loss: 0.00E+00
Eval @ Step 14000, loss: NAN, duration 20.294s
Step 14100, loss: NAN
Step 14100, loss: 0.00E+00
Step 14200, loss: NAN
Step 14200, loss: 0.00E+00
Step 14300, loss: NAN
Step 14300, loss: 0.00E+00
Step 14400, loss: NAN
Step 14400, loss: 0.00E+00
Step 14500, loss: NAN
Step 14500, loss: 0.00E+00
Eval @ Step 14500, loss: NAN, duration 20.376s
Step 14600, loss: NAN
Step 14600, loss: 0.00E+00
Step 14700, loss: NAN
Step 14700, loss: 0.00E+00
Step 14800, loss: NAN
Step 14800, loss: 0.00E+00
Step 14900, loss: NAN
Step 14900, loss: 0.00E+00
Step 15000, loss: NAN
Step 15000, loss: 0.00E+00
Eval @ Step 15000, loss: NAN, duration 20.340s
Step 15100, loss: NAN
Step 15100, loss: 0.00E+00
Step 15200, loss: NAN
Step 15200, loss: 0.00E+00
Step 15300, loss: NAN
Step 15300, loss: 0.00E+00
Step 15400, loss: NAN
Step 15400, loss: 0.00E+00
Step 15500, loss: NAN
Step 15500, loss: 0.00E+00
Eval @ Step 15500, loss: NAN, duration 20.393s
Step 15600, loss: NAN
Step 15600, loss: 0.00E+00
Step 15700, loss: NAN
Step 15700, loss: 0.00E+00
Step 15800, loss: NAN
Step 15800, loss: 0.00E+00
Step 15900, loss: NAN
Step 15900, loss: 0.00E+00
Step 16000, loss: NAN
Step 16000, loss: 0.00E+00
Eval @ Step 16000, loss: NAN, duration 20.302s
Step 16100, loss: NAN
Step 16100, loss: 0.00E+00
Step 16200, loss: NAN
Step 16200, loss: 0.00E+00
Step 16300, loss: NAN
Step 16300, loss: 0.00E+00
Step 16400, loss: NAN
Step 16400, loss: 0.00E+00
Step 16500, loss: NAN
Step 16500, loss: 0.00E+00
Eval @ Step 16500, loss: NAN, duration 20.317s
Step 16600, loss: NAN
Step 16600, loss: 0.00E+00
Step 16700, loss: NAN
Step 16700, loss: 0.00E+00
Step 16800, loss: NAN
Step 16800, loss: 0.00E+00
Step 16900, loss: NAN
Step 16900, loss: 0.00E+00
Step 17000, loss: NAN
Step 17000, loss: 0.00E+00
Eval @ Step 17000, loss: NAN, duration 20.299s
Step 17100, loss: NAN
Step 17100, loss: 0.00E+00
Step 17200, loss: NAN
Step 17200, loss: 0.00E+00
Step 17300, loss: NAN
Step 17300, loss: 0.00E+00
Step 17400, loss: NAN
Step 17400, loss: 0.00E+00
Step 17500, loss: NAN
Step 17500, loss: 0.00E+00
Eval @ Step 17500, loss: NAN, duration 20.337s
Step 17600, loss: NAN
Step 17600, loss: 0.00E+00
Step 17700, loss: NAN
Step 17700, loss: 0.00E+00
Step 17800, loss: NAN
Step 17800, loss: 0.00E+00
Step 17900, loss: NAN
Step 17900, loss: 0.00E+00
Step 18000, loss: NAN
Step 18000, loss: 0.00E+00
Eval @ Step 18000, loss: NAN, duration 20.303s
Step 18100, loss: NAN
Step 18100, loss: 0.00E+00
Step 18200, loss: NAN
Step 18200, loss: 0.00E+00
Step 18300, loss: NAN
Step 18300, loss: 0.00E+00
Step 18400, loss: NAN
Step 18400, loss: 0.00E+00
Step 18500, loss: NAN
Step 18500, loss: 0.00E+00
Eval @ Step 18500, loss: NAN, duration 20.353s
Step 18600, loss: NAN
Step 18600, loss: 0.00E+00
Step 18700, loss: NAN
Step 18700, loss: 0.00E+00
Step 18800, loss: NAN
Step 18800, loss: 0.00E+00
Step 18900, loss: NAN
Step 18900, loss: 0.00E+00
Step 19000, loss: NAN
Step 19000, loss: 0.00E+00
Eval @ Step 19000, loss: NAN, duration 20.333s
Step 19100, loss: NAN
Step 19100, loss: 0.00E+00
Step 19200, loss: NAN
Step 19200, loss: 0.00E+00
Step 19300, loss: NAN
Step 19300, loss: 0.00E+00
Step 19400, loss: NAN
Step 19400, loss: 0.00E+00
Step 19500, loss: NAN
Step 19500, loss: 0.00E+00
Eval @ Step 19500, loss: NAN, duration 20.365s
Step 19600, loss: NAN
Step 19600, loss: 0.00E+00
Step 19700, loss: NAN
Step 19700, loss: 0.00E+00
Step 19800, loss: NAN
Step 19800, loss: 0.00E+00
Step 19900, loss: NAN
Step 19900, loss: 0.00E+00
Step 20000, loss: NAN
Step 20000, loss: 0.00E+00
Eval @ Step 20000, loss: NAN, duration 20.305s
Step 20100, loss: NAN
Step 20100, loss: 0.00E+00
Step 20200, loss: NAN
Step 20200, loss: 0.00E+00
Step 20300, loss: NAN
Step 20300, loss: 0.00E+00
Step 20400, loss: NAN
Step 20400, loss: 0.00E+00
Step 20500, loss: NAN
Step 20500, loss: 0.00E+00
Eval @ Step 20500, loss: NAN, duration 20.302s
Step 20600, loss: NAN
Step 20600, loss: 0.00E+00
Step 20700, loss: NAN
Step 20700, loss: 0.00E+00
Step 20800, loss: NAN
Step 20800, loss: 0.00E+00
Step 20900, loss: NAN
Step 20900, loss: 0.00E+00
Step 21000, loss: NAN
Step 21000, loss: 0.00E+00
Eval @ Step 21000, loss: NAN, duration 20.284s
Step 21100, loss: NAN
Step 21100, loss: 0.00E+00
Step 21200, loss: NAN
Step 21200, loss: 0.00E+00
Step 21300, loss: NAN
Step 21300, loss: 0.00E+00
Step 21400, loss: NAN
Step 21400, loss: 0.00E+00
Step 21500, loss: NAN
Step 21500, loss: 0.00E+00
Eval @ Step 21500, loss: NAN, duration 20.391s
Step 21600, loss: NAN
Step 21600, loss: 0.00E+00
Step 21700, loss: NAN
Step 21700, loss: 0.00E+00
Step 21800, loss: NAN
Step 21800, loss: 0.00E+00
Step 21900, loss: NAN
Step 21900, loss: 0.00E+00
Step 22000, loss: NAN
Step 22000, loss: 0.00E+00
Eval @ Step 22000, loss: NAN, duration 20.301s
Step 22100, loss: NAN
Step 22100, loss: 0.00E+00
Step 22200, loss: NAN
Step 22200, loss: 0.00E+00
Step 22300, loss: NAN
Step 22300, loss: 0.00E+00
Step 22400, loss: NAN
Step 22400, loss: 0.00E+00
Step 22500, loss: NAN
Step 22500, loss: 0.00E+00
Eval @ Step 22500, loss: NAN, duration 20.320s
Step 22600, loss: NAN
Step 22600, loss: 0.00E+00
Step 22700, loss: NAN
Step 22700, loss: 0.00E+00
Step 22800, loss: NAN
Step 22800, loss: 0.00E+00
Step 22900, loss: NAN
Step 22900, loss: 0.00E+00
Step 23000, loss: NAN
Step 23000, loss: 0.00E+00
Eval @ Step 23000, loss: NAN, duration 20.365s
Step 23100, loss: NAN
Step 23100, loss: 0.00E+00
Step 23200, loss: NAN
Step 23200, loss: 0.00E+00
Step 23300, loss: NAN
Step 23300, loss: 0.00E+00
Step 23400, loss: NAN
Step 23400, loss: 0.00E+00
Step 23500, loss: NAN
Step 23500, loss: 0.00E+00
Eval @ Step 23500, loss: NAN, duration 20.326s
Step 23600, loss: NAN
Step 23600, loss: 0.00E+00
Step 23700, loss: NAN
Step 23700, loss: 0.00E+00
Step 23800, loss: NAN
Step 23800, loss: 0.00E+00
Step 23900, loss: NAN
Step 23900, loss: 0.00E+00
Step 24000, loss: NAN
Step 24000, loss: 0.00E+00
Eval @ Step 24000, loss: NAN, duration 20.359s
Step 24100, loss: NAN
Step 24100, loss: 0.00E+00
Step 24200, loss: NAN
Step 24200, loss: 0.00E+00
Step 24300, loss: NAN
Step 24300, loss: 0.00E+00
Step 24400, loss: NAN
Step 24400, loss: 0.00E+00
Step 24500, loss: NAN
Step 24500, loss: 0.00E+00
Eval @ Step 24500, loss: NAN, duration 20.366s
Step 24600, loss: NAN
Step 24600, loss: 0.00E+00
Step 24700, loss: NAN
Step 24700, loss: 0.00E+00
Step 24800, loss: NAN
Step 24800, loss: 0.00E+00
Step 24900, loss: NAN
Step 24900, loss: 0.00E+00
Step 25000, loss: NAN
Step 25000, loss: 0.00E+00
Eval @ Step 25000, loss: NAN, duration 20.371s
Step 25100, loss: NAN
Step 25100, loss: 0.00E+00
Step 25200, loss: NAN
Step 25200, loss: 0.00E+00
Step 25300, loss: NAN
Step 25300, loss: 0.00E+00
Step 25400, loss: NAN
Step 25400, loss: 0.00E+00
Step 25500, loss: NAN
Step 25500, loss: 0.00E+00
Eval @ Step 25500, loss: NAN, duration 20.387s
Step 25600, loss: NAN
Step 25600, loss: 0.00E+00
Step 25700, loss: NAN
Step 25700, loss: 0.00E+00
Step 25800, loss: NAN
Step 25800, loss: 0.00E+00
Step 25900, loss: NAN
Step 25900, loss: 0.00E+00
Step 26000, loss: NAN
Step 26000, loss: 0.00E+00
Eval @ Step 26000, loss: NAN, duration 20.341s
Step 26100, loss: NAN
Step 26100, loss: 0.00E+00
Step 26200, loss: NAN
Step 26200, loss: 0.00E+00
Step 26300, loss: NAN
Step 26300, loss: 0.00E+00
Step 26400, loss: NAN
Step 26400, loss: 0.00E+00
Step 26500, loss: NAN
Step 26500, loss: 0.00E+00
Eval @ Step 26500, loss: NAN, duration 20.374s
Step 26600, loss: NAN
Step 26600, loss: 0.00E+00
Step 26700, loss: NAN
Step 26700, loss: 0.00E+00
Step 26800, loss: NAN
Step 26800, loss: 0.00E+00
Step 26900, loss: NAN
Step 26900, loss: 0.00E+00
Step 27000, loss: NAN
Step 27000, loss: 0.00E+00
Eval @ Step 27000, loss: NAN, duration 20.315s
Step 27100, loss: NAN
Step 27100, loss: 0.00E+00
Step 27200, loss: NAN
Step 27200, loss: 0.00E+00
Step 27300, loss: NAN
Step 27300, loss: 0.00E+00
Step 27400, loss: NAN
Step 27400, loss: 0.00E+00
Step 27500, loss: NAN
Step 27500, loss: 0.00E+00
Eval @ Step 27500, loss: NAN, duration 20.310s
Step 27600, loss: NAN
Step 27600, loss: 0.00E+00
Step 27700, loss: NAN
Step 27700, loss: 0.00E+00
Step 27800, loss: NAN
Step 27800, loss: 0.00E+00
Step 27900, loss: NAN
Step 27900, loss: 0.00E+00
Step 28000, loss: NAN
Step 28000, loss: 0.00E+00
Eval @ Step 28000, loss: NAN, duration 20.317s
Step 28100, loss: NAN
Step 28100, loss: 0.00E+00
Step 28200, loss: NAN
Step 28200, loss: 0.00E+00
Step 28300, loss: NAN
Step 28300, loss: 0.00E+00
Step 28400, loss: NAN
Step 28400, loss: 0.00E+00
Step 28500, loss: NAN
Step 28500, loss: 0.00E+00
Eval @ Step 28500, loss: NAN, duration 20.280s
Step 28600, loss: NAN
Step 28600, loss: 0.00E+00
Step 28700, loss: NAN
Step 28700, loss: 0.00E+00
Step 28800, loss: NAN
Step 28800, loss: 0.00E+00
Step 28900, loss: NAN
Step 28900, loss: 0.00E+00
Step 29000, loss: NAN
Step 29000, loss: 0.00E+00
Eval @ Step 29000, loss: NAN, duration 20.374s
Step 29100, loss: NAN
Step 29100, loss: 0.00E+00
Step 29200, loss: NAN
Step 29200, loss: 0.00E+00
Step 29300, loss: NAN
Step 29300, loss: 0.00E+00
Step 29400, loss: NAN
Step 29400, loss: 0.00E+00
Step 29500, loss: NAN
Step 29500, loss: 0.00E+00
Eval @ Step 29500, loss: NAN, duration 20.352s
Step 29600, loss: NAN
Step 29600, loss: 0.00E+00
Step 29700, loss: NAN
Step 29700, loss: 0.00E+00
Step 29800, loss: NAN
Step 29800, loss: 0.00E+00
Step 29900, loss: NAN
Step 29900, loss: 0.00E+00
Step 30000, loss: NAN
Step 30000, loss: 0.00E+00
Eval @ Step 30000, loss: NAN, duration 20.392s
Step 30100, loss: NAN
Step 30100, loss: 0.00E+00
Step 30200, loss: NAN
Step 30200, loss: 0.00E+00
Step 30300, loss: NAN
Step 30300, loss: 0.00E+00
Step 30400, loss: NAN
Step 30400, loss: 0.00E+00
Step 30500, loss: NAN
Step 30500, loss: 0.00E+00
Eval @ Step 30500, loss: NAN, duration 20.386s
Step 30600, loss: NAN
Step 30600, loss: 0.00E+00
Step 30700, loss: NAN
Step 30700, loss: 0.00E+00
Step 30800, loss: NAN
Step 30800, loss: 0.00E+00
Step 30900, loss: NAN
Step 30900, loss: 0.00E+00
Step 31000, loss: NAN
Step 31000, loss: 0.00E+00
Eval @ Step 31000, loss: NAN, duration 20.323s
Step 31100, loss: NAN
Step 31100, loss: 0.00E+00
Step 31200, loss: NAN
Step 31200, loss: 0.00E+00
Step 31300, loss: NAN
Step 31300, loss: 0.00E+00
Step 31400, loss: NAN
Step 31400, loss: 0.00E+00
Step 31500, loss: NAN
Step 31500, loss: 0.00E+00
Eval @ Step 31500, loss: NAN, duration 20.312s
Step 31600, loss: NAN
Step 31600, loss: 0.00E+00
Step 31700, loss: NAN
Step 31700, loss: 0.00E+00
Step 31800, loss: NAN
Step 31800, loss: 0.00E+00
Step 31900, loss: NAN
Step 31900, loss: 0.00E+00
Step 32000, loss: NAN
Step 32000, loss: 0.00E+00
Eval @ Step 32000, loss: NAN, duration 20.367s
Step 32100, loss: NAN
Step 32100, loss: 0.00E+00
Step 32200, loss: NAN
Step 32200, loss: 0.00E+00
Step 32300, loss: NAN
Step 32300, loss: 0.00E+00
Step 32400, loss: NAN
Step 32400, loss: 0.00E+00
Step 32500, loss: NAN
Step 32500, loss: 0.00E+00
Eval @ Step 32500, loss: NAN, duration 20.374s
Step 32600, loss: NAN
Step 32600, loss: 0.00E+00
Step 32700, loss: NAN
Step 32700, loss: 0.00E+00
Step 32800, loss: NAN
Step 32800, loss: 0.00E+00
Step 32900, loss: NAN
Step 32900, loss: 0.00E+00
Step 33000, loss: NAN
Step 33000, loss: 0.00E+00
Eval @ Step 33000, loss: NAN, duration 20.351s
Step 33100, loss: NAN
Step 33100, loss: 0.00E+00
Step 33200, loss: NAN
Step 33200, loss: 0.00E+00
Step 33300, loss: NAN
Step 33300, loss: 0.00E+00
Step 33400, loss: NAN
Step 33400, loss: 0.00E+00
Step 33500, loss: NAN
Step 33500, loss: 0.00E+00
Eval @ Step 33500, loss: NAN, duration 20.343s
Step 33600, loss: NAN
Step 33600, loss: 0.00E+00
Step 33700, loss: NAN
Step 33700, loss: 0.00E+00
Step 33800, loss: NAN
Step 33800, loss: 0.00E+00
Step 33900, loss: NAN
Step 33900, loss: 0.00E+00
Step 34000, loss: NAN
Step 34000, loss: 0.00E+00
Eval @ Step 34000, loss: NAN, duration 20.298s
Step 34100, loss: NAN
Step 34100, loss: 0.00E+00
Step 34200, loss: NAN
Step 34200, loss: 0.00E+00
Step 34300, loss: NAN
Step 34300, loss: 0.00E+00
Step 34400, loss: NAN
Step 34400, loss: 0.00E+00
Step 34500, loss: NAN
Step 34500, loss: 0.00E+00
Eval @ Step 34500, loss: NAN, duration 20.378s
Step 34600, loss: NAN
Step 34600, loss: 0.00E+00
Step 34700, loss: NAN
Step 34700, loss: 0.00E+00
Step 34800, loss: NAN
Step 34800, loss: 0.00E+00
Step 34900, loss: NAN
Step 34900, loss: 0.00E+00
Step 35000, loss: NAN
Step 35000, loss: 0.00E+00
Eval @ Step 35000, loss: NAN, duration 20.317s
Step 35100, loss: NAN
Step 35100, loss: 0.00E+00
Step 35200, loss: NAN
Step 35200, loss: 0.00E+00
Step 35300, loss: NAN
Step 35300, loss: 0.00E+00
Step 35400, loss: NAN
Step 35400, loss: 0.00E+00
Step 35500, loss: NAN
Step 35500, loss: 0.00E+00
Eval @ Step 35500, loss: NAN, duration 20.363s
Step 35600, loss: NAN
Step 35600, loss: 0.00E+00
Step 35700, loss: NAN
Step 35700, loss: 0.00E+00
Step 35800, loss: NAN
Step 35800, loss: 0.00E+00
Step 35900, loss: NAN
Step 35900, loss: 0.00E+00
Step 36000, loss: NAN
Step 36000, loss: 0.00E+00
Eval @ Step 36000, loss: NAN, duration 20.353s
Step 36100, loss: NAN
Step 36100, loss: 0.00E+00
Step 36200, loss: NAN
Step 36200, loss: 0.00E+00
Step 36300, loss: NAN
Step 36300, loss: 0.00E+00
Step 36400, loss: NAN
Step 36400, loss: 0.00E+00
Step 36500, loss: NAN
Step 36500, loss: 0.00E+00
Eval @ Step 36500, loss: NAN, duration 20.320s
Step 36600, loss: NAN
Step 36600, loss: 0.00E+00
Step 36700, loss: NAN
Step 36700, loss: 0.00E+00
Step 36800, loss: NAN
Step 36800, loss: 0.00E+00
Step 36900, loss: NAN
Step 36900, loss: 0.00E+00
Step 37000, loss: NAN
Step 37000, loss: 0.00E+00
Eval @ Step 37000, loss: NAN, duration 20.313s
Step 37100, loss: NAN
Step 37100, loss: 0.00E+00
Step 37200, loss: NAN
Step 37200, loss: 0.00E+00
Step 37300, loss: NAN
Step 37300, loss: 0.00E+00
Step 37400, loss: NAN
Step 37400, loss: 0.00E+00
Step 37500, loss: NAN
Step 37500, loss: 0.00E+00
Eval @ Step 37500, loss: NAN, duration 20.323s
Step 37600, loss: NAN
Step 37600, loss: 0.00E+00
Step 37700, loss: NAN
Step 37700, loss: 0.00E+00
Step 37800, loss: NAN
Step 37800, loss: 0.00E+00
Step 37900, loss: NAN
Step 37900, loss: 0.00E+00
Step 38000, loss: NAN
Step 38000, loss: 0.00E+00
Eval @ Step 38000, loss: NAN, duration 20.335s
Step 38100, loss: NAN
Step 38100, loss: 0.00E+00
Step 38200, loss: NAN
Step 38200, loss: 0.00E+00
Step 38300, loss: NAN
Step 38300, loss: 0.00E+00
Step 38400, loss: NAN
Step 38400, loss: 0.00E+00
Step 38500, loss: NAN
Step 38500, loss: 0.00E+00
Eval @ Step 38500, loss: NAN, duration 20.366s
Step 38600, loss: NAN
Step 38600, loss: 0.00E+00
Step 38700, loss: NAN
Step 38700, loss: 0.00E+00
Step 38800, loss: NAN
Step 38800, loss: 0.00E+00
Step 38900, loss: NAN
Step 38900, loss: 0.00E+00
Step 39000, loss: NAN
Step 39000, loss: 0.00E+00
Eval @ Step 39000, loss: NAN, duration 20.279s
Step 39100, loss: NAN
Step 39100, loss: 0.00E+00
Step 39200, loss: NAN
Step 39200, loss: 0.00E+00
Step 39300, loss: NAN
Step 39300, loss: 0.00E+00
Step 39400, loss: NAN
Step 39400, loss: 0.00E+00
Step 39500, loss: NAN
Step 39500, loss: 0.00E+00
Eval @ Step 39500, loss: NAN, duration 20.353s
Step 39600, loss: NAN
Step 39600, loss: 0.00E+00
Step 39700, loss: NAN
Step 39700, loss: 0.00E+00
Step 39800, loss: NAN
Step 39800, loss: 0.00E+00
Step 39900, loss: NAN
Step 39900, loss: 0.00E+00
Step 40000, loss: NAN
Step 40000, loss: 0.00E+00
Eval @ Step 40000, loss: NAN, duration 20.362s
Step 40100, loss: NAN
Step 40100, loss: 0.00E+00
Step 40200, loss: NAN
Step 40200, loss: 0.00E+00
Step 40300, loss: NAN
Step 40300, loss: 0.00E+00
Step 40400, loss: NAN
Step 40400, loss: 0.00E+00
Step 40500, loss: NAN
Step 40500, loss: 0.00E+00
Eval @ Step 40500, loss: NAN, duration 20.311s
Step 40600, loss: NAN
Step 40600, loss: 0.00E+00
Step 40700, loss: NAN
Step 40700, loss: 0.00E+00
Step 40800, loss: NAN
Step 40800, loss: 0.00E+00
Step 40900, loss: NAN
Step 40900, loss: 0.00E+00
Step 41000, loss: NAN
Step 41000, loss: 0.00E+00
Eval @ Step 41000, loss: NAN, duration 20.347s
Step 41100, loss: NAN
Step 41100, loss: 0.00E+00
Step 41200, loss: NAN
Step 41200, loss: 0.00E+00
Step 41300, loss: NAN
Step 41300, loss: 0.00E+00
Step 41400, loss: NAN
Step 41400, loss: 0.00E+00
Step 41500, loss: NAN
Step 41500, loss: 0.00E+00
Eval @ Step 41500, loss: NAN, duration 20.336s
Step 41600, loss: NAN
Step 41600, loss: 0.00E+00
Step 41700, loss: NAN
Step 41700, loss: 0.00E+00
Step 41800, loss: NAN
Step 41800, loss: 0.00E+00
Step 41900, loss: NAN
Step 41900, loss: 0.00E+00
Step 42000, loss: NAN
Step 42000, loss: 0.00E+00
Eval @ Step 42000, loss: NAN, duration 20.299s
Step 42100, loss: NAN
Step 42100, loss: 0.00E+00
Step 42200, loss: NAN
Step 42200, loss: 0.00E+00
Step 42300, loss: NAN
Step 42300, loss: 0.00E+00
Step 42400, loss: NAN
Step 42400, loss: 0.00E+00
Step 42500, loss: NAN
Step 42500, loss: 0.00E+00
Eval @ Step 42500, loss: NAN, duration 20.295s
Step 42600, loss: NAN
Step 42600, loss: 0.00E+00
Step 42700, loss: NAN
Step 42700, loss: 0.00E+00
Step 42800, loss: NAN
Step 42800, loss: 0.00E+00
Step 42900, loss: NAN
Step 42900, loss: 0.00E+00
Step 43000, loss: NAN
Step 43000, loss: 0.00E+00
Eval @ Step 43000, loss: NAN, duration 20.338s
Step 43100, loss: NAN
Step 43100, loss: 0.00E+00
Step 43200, loss: NAN
Step 43200, loss: 0.00E+00
Step 43300, loss: NAN
Step 43300, loss: 0.00E+00
Step 43400, loss: NAN
Step 43400, loss: 0.00E+00
Step 43500, loss: NAN
Step 43500, loss: 0.00E+00
Eval @ Step 43500, loss: NAN, duration 20.366s
Step 43600, loss: NAN
Step 43600, loss: 0.00E+00
Step 43700, loss: NAN
Step 43700, loss: 0.00E+00
Step 43800, loss: NAN
Step 43800, loss: 0.00E+00
Step 43900, loss: NAN
Step 43900, loss: 0.00E+00
Step 44000, loss: NAN
Step 44000, loss: 0.00E+00
Eval @ Step 44000, loss: NAN, duration 20.259s
Step 44100, loss: NAN
Step 44100, loss: 0.00E+00
Step 44200, loss: NAN
Step 44200, loss: 0.00E+00
Step 44300, loss: NAN
Step 44300, loss: 0.00E+00
Step 44400, loss: NAN
Step 44400, loss: 0.00E+00
Step 44500, loss: NAN
Step 44500, loss: 0.00E+00
Eval @ Step 44500, loss: NAN, duration 20.422s
Step 44600, loss: NAN
Step 44600, loss: 0.00E+00
Step 44700, loss: NAN
Step 44700, loss: 0.00E+00
Step 44800, loss: NAN
Step 44800, loss: 0.00E+00
Step 44900, loss: NAN
Step 44900, loss: 0.00E+00
Step 45000, loss: NAN
Step 45000, loss: 0.00E+00
Eval @ Step 45000, loss: NAN, duration 20.321s
Step 45100, loss: NAN
Step 45100, loss: 0.00E+00
Step 45200, loss: NAN
Step 45200, loss: 0.00E+00
Step 45300, loss: NAN
Step 45300, loss: 0.00E+00
Step 45400, loss: NAN
Step 45400, loss: 0.00E+00
Step 45500, loss: NAN
Step 45500, loss: 0.00E+00
Eval @ Step 45500, loss: NAN, duration 20.310s
Step 45600, loss: NAN
Step 45600, loss: 0.00E+00
Step 45700, loss: NAN
Step 45700, loss: 0.00E+00
Step 45800, loss: NAN
Step 45800, loss: 0.00E+00
Step 45900, loss: NAN
Step 45900, loss: 0.00E+00
Step 46000, loss: NAN
Step 46000, loss: 0.00E+00
Eval @ Step 46000, loss: NAN, duration 20.339s
Step 46100, loss: NAN
Step 46100, loss: 0.00E+00
Step 46200, loss: NAN
Step 46200, loss: 0.00E+00
Step 46300, loss: NAN
Step 46300, loss: 0.00E+00
Step 46400, loss: NAN
Step 46400, loss: 0.00E+00
Step 46500, loss: NAN
Step 46500, loss: 0.00E+00
Eval @ Step 46500, loss: NAN, duration 20.259s
Step 46600, loss: NAN
Step 46600, loss: 0.00E+00
Step 46700, loss: NAN
Step 46700, loss: 0.00E+00
Step 46800, loss: NAN
Step 46800, loss: 0.00E+00
Step 46900, loss: NAN
Step 46900, loss: 0.00E+00
Step 47000, loss: NAN
Step 47000, loss: 0.00E+00
Eval @ Step 47000, loss: NAN, duration 20.332s
Step 47100, loss: NAN
Step 47100, loss: 0.00E+00
Step 47200, loss: NAN
Step 47200, loss: 0.00E+00
Step 47300, loss: NAN
Step 47300, loss: 0.00E+00
Step 47400, loss: NAN
Step 47400, loss: 0.00E+00
Step 47500, loss: NAN
Step 47500, loss: 0.00E+00
Eval @ Step 47500, loss: NAN, duration 20.333s
Step 47600, loss: NAN
Step 47600, loss: 0.00E+00
Step 47700, loss: NAN
Step 47700, loss: 0.00E+00
Step 47800, loss: NAN
Step 47800, loss: 0.00E+00
Step 47900, loss: NAN
Step 47900, loss: 0.00E+00
Step 48000, loss: NAN
Step 48000, loss: 0.00E+00
Eval @ Step 48000, loss: NAN, duration 20.258s
Step 48100, loss: NAN
Step 48100, loss: 0.00E+00
Step 48200, loss: NAN
Step 48200, loss: 0.00E+00
Step 48300, loss: NAN
Step 48300, loss: 0.00E+00
Step 48400, loss: NAN
Step 48400, loss: 0.00E+00
Step 48500, loss: NAN
Step 48500, loss: 0.00E+00
Eval @ Step 48500, loss: NAN, duration 20.303s
Step 48600, loss: NAN
Step 48600, loss: 0.00E+00
Step 48700, loss: NAN
Step 48700, loss: 0.00E+00
Step 48800, loss: NAN
Step 48800, loss: 0.00E+00
Step 48900, loss: NAN
Step 48900, loss: 0.00E+00
Step 49000, loss: NAN
Step 49000, loss: 0.00E+00
Eval @ Step 49000, loss: NAN, duration 20.353s
Step 49100, loss: NAN
Step 49100, loss: 0.00E+00
Step 49200, loss: NAN
Step 49200, loss: 0.00E+00
Step 49300, loss: NAN
Step 49300, loss: 0.00E+00
Step 49400, loss: NAN
Step 49400, loss: 0.00E+00
Step 49500, loss: NAN
Step 49500, loss: 0.00E+00
Eval @ Step 49500, loss: NAN, duration 20.280s
Step 49600, loss: NAN
Step 49600, loss: 0.00E+00
Step 49700, loss: NAN
Step 49700, loss: 0.00E+00
Step 49800, loss: NAN
Step 49800, loss: 0.00E+00
Step 49900, loss: NAN
Step 49900, loss: 0.00E+00
