WARNING: Logging before flag parsing goes to stderr.
W0811 15:21:49.772626 139816850208512 deprecation_wrapper.py:119] From /home/edal/anaconda3/lib/python3.7/site-packages/tfplot/figure.py:18: The name tf.Summary is deprecated. Please use tf.compat.v1.Summary instead.

W0811 15:21:49.774471 139816850208512 deprecation_wrapper.py:119] From train.py:141: The name tf.reset_default_graph is deprecated. Please use tf.compat.v1.reset_default_graph instead.

W0811 15:21:57.462990 139816850208512 deprecation_wrapper.py:119] From /home/edal/Documents/Ben/idlm_Ben/Tandem/data_reader.py:237: The name tf.data.Iterator is deprecated. Please use tf.compat.v1.data.Iterator instead.

W0811 15:21:57.463135 139816850208512 deprecation.py:323] From /home/edal/Documents/Ben/idlm_Ben/Tandem/data_reader.py:237: DatasetV1.output_types (from tensorflow.python.data.ops.dataset_ops) is deprecated and will be removed in a future version.
Instructions for updating:
Use `tf.compat.v1.data.get_output_types(dataset)`.
W0811 15:21:57.463193 139816850208512 deprecation.py:323] From /home/edal/Documents/Ben/idlm_Ben/Tandem/data_reader.py:237: DatasetV1.output_shapes (from tensorflow.python.data.ops.dataset_ops) is deprecated and will be removed in a future version.
Instructions for updating:
Use `tf.compat.v1.data.get_output_shapes(dataset)`.
W0811 15:21:57.464923 139816850208512 deprecation.py:323] From /home/edal/anaconda3/lib/python3.7/site-packages/tensorflow/python/data/ops/iterator_ops.py:348: Iterator.output_types (from tensorflow.python.data.ops.iterator_ops) is deprecated and will be removed in a future version.
Instructions for updating:
Use `tf.compat.v1.data.get_output_types(iterator)`.
W0811 15:21:57.465018 139816850208512 deprecation.py:323] From /home/edal/anaconda3/lib/python3.7/site-packages/tensorflow/python/data/ops/iterator_ops.py:349: Iterator.output_shapes (from tensorflow.python.data.ops.iterator_ops) is deprecated and will be removed in a future version.
Instructions for updating:
Use `tf.compat.v1.data.get_output_shapes(iterator)`.
W0811 15:21:57.465064 139816850208512 deprecation.py:323] From /home/edal/anaconda3/lib/python3.7/site-packages/tensorflow/python/data/ops/iterator_ops.py:351: Iterator.output_classes (from tensorflow.python.data.ops.iterator_ops) is deprecated and will be removed in a future version.
Instructions for updating:
Use `tf.compat.v1.data.get_output_classes(iterator)`.
W0811 15:21:57.470875 139816850208512 deprecation_wrapper.py:119] From /home/edal/Documents/Ben/idlm_Ben/Tandem/Tandem_network_maker.py:49: The name tf.train.exponential_decay is deprecated. Please use tf.compat.v1.train.exponential_decay instead.

W0811 15:21:57.477281 139816850208512 deprecation_wrapper.py:119] From /home/edal/Documents/Ben/idlm_Ben/Tandem/model_maker.py:67: The name tf.get_collection is deprecated. Please use tf.compat.v1.get_collection instead.

W0811 15:21:57.477349 139816850208512 deprecation_wrapper.py:119] From /home/edal/Documents/Ben/idlm_Ben/Tandem/model_maker.py:67: The name tf.GraphKeys is deprecated. Please use tf.compat.v1.GraphKeys instead.

W0811 15:21:57.477393 139816850208512 deprecation_wrapper.py:119] From /home/edal/Documents/Ben/idlm_Ben/Tandem/model_maker.py:68: The name tf.add_to_collection is deprecated. Please use tf.compat.v1.add_to_collection instead.

W0811 15:21:57.478278 139816850208512 deprecation.py:506] From /home/edal/anaconda3/lib/python3.7/site-packages/tensorflow/python/ops/init_ops.py:1251: calling VarianceScaling.__init__ (from tensorflow.python.ops.init_ops) with dtype is deprecated and will be removed in a future version.
Instructions for updating:
Call initializer instance with the dtype argument instead of passing it to the constructor
W0811 15:21:57.848255 139816850208512 lazy_loader.py:50] 
The TensorFlow contrib module will not be included in TensorFlow 2.0.
For more information, please see:
  * https://github.com/tensorflow/community/blob/master/rfcs/20180907-contrib-sunset.md
  * https://github.com/tensorflow/addons
  * https://github.com/tensorflow/io (for I/O related ops)
If you depend on functionality not listed there, please file an issue.

W0811 15:21:57.848412 139816850208512 deprecation.py:323] From /home/edal/Documents/Ben/idlm_Ben/Tandem/model_maker.py:80: dense (from tensorflow.python.layers.core) is deprecated and will be removed in a future version.
Instructions for updating:
Use keras.layers.dense instead.
W0811 15:21:58.103007 139816850208512 deprecation_wrapper.py:119] From /home/edal/Documents/Ben/idlm_Ben/Tandem/model_maker.py:82: The name tf.summary.merge_all is deprecated. Please use tf.compat.v1.summary.merge_all instead.

W0811 15:21:58.199640 139816850208512 deprecation_wrapper.py:119] From /home/edal/Documents/Ben/idlm_Ben/Tandem/model_maker.py:123: The name tf.summary.histogram is deprecated. Please use tf.compat.v1.summary.histogram instead.

W0811 15:21:58.238689 139816850208512 deprecation.py:323] From /home/edal/Documents/Ben/idlm_Ben/Tandem/model_maker.py:138: conv1d (from tensorflow.python.layers.convolutional) is deprecated and will be removed in a future version.
Instructions for updating:
Use `tf.keras.layers.Conv1D` instead.
W0811 15:21:58.292527 139816850208512 deprecation_wrapper.py:119] From /home/edal/Documents/Ben/idlm_Ben/Tandem/Tandem_network_maker.py:102: The name tf.losses.mean_squared_error is deprecated. Please use tf.compat.v1.losses.mean_squared_error instead.

W0811 15:21:58.298182 139816850208512 deprecation.py:323] From /home/edal/anaconda3/lib/python3.7/site-packages/tensorflow/python/ops/losses/losses_impl.py:121: add_dispatch_support.<locals>.wrapper (from tensorflow.python.ops.array_ops) is deprecated and will be removed in a future version.
Instructions for updating:
Use tf.where in 2.0, which has the same broadcast rule as np.where
W0811 15:21:58.303015 139816850208512 deprecation_wrapper.py:119] From /home/edal/Documents/Ben/idlm_Ben/Tandem/Tandem_network_maker.py:103: The name tf.losses.get_regularization_loss is deprecated. Please use tf.compat.v1.losses.get_regularization_loss instead.

W0811 15:21:58.304395 139816850208512 deprecation_wrapper.py:119] From /home/edal/Documents/Ben/idlm_Ben/Tandem/Tandem_network_maker.py:112: The name tf.train.AdamOptimizer is deprecated. Please use tf.compat.v1.train.AdamOptimizer instead.

W0811 15:21:59.522713 139816850208512 deprecation_wrapper.py:119] From /home/edal/Documents/Ben/idlm_Ben/Tandem/network_helper.py:144: The name tf.summary.scalar is deprecated. Please use tf.compat.v1.summary.scalar instead.

2019-08-11 15:21:59.528706: I tensorflow/stream_executor/platform/default/dso_loader.cc:42] Successfully opened dynamic library libcuda.so.1
2019-08-11 15:21:59.565313: I tensorflow/core/common_runtime/gpu/gpu_device.cc:1640] Found device 0 with properties: 
name: GeForce GTX 1080 Ti major: 6 minor: 1 memoryClockRate(GHz): 1.582
pciBusID: 0000:1a:00.0
2019-08-11 15:21:59.566120: I tensorflow/core/common_runtime/gpu/gpu_device.cc:1640] Found device 1 with properties: 
name: GeForce GTX 1080 Ti major: 6 minor: 1 memoryClockRate(GHz): 1.582
pciBusID: 0000:68:00.0
2019-08-11 15:21:59.566238: I tensorflow/stream_executor/platform/default/dso_loader.cc:53] Could not dlopen library 'libcudart.so.10.0'; dlerror: libcudart.so.10.0: cannot open shared object file: No such file or directory; LD_LIBRARY_PATH: /usr/local/cuda-9.0/lib64
2019-08-11 15:21:59.566287: I tensorflow/stream_executor/platform/default/dso_loader.cc:53] Could not dlopen library 'libcublas.so.10.0'; dlerror: libcublas.so.10.0: cannot open shared object file: No such file or directory; LD_LIBRARY_PATH: /usr/local/cuda-9.0/lib64
2019-08-11 15:21:59.566324: I tensorflow/stream_executor/platform/default/dso_loader.cc:53] Could not dlopen library 'libcufft.so.10.0'; dlerror: libcufft.so.10.0: cannot open shared object file: No such file or directory; LD_LIBRARY_PATH: /usr/local/cuda-9.0/lib64
2019-08-11 15:21:59.566361: I tensorflow/stream_executor/platform/default/dso_loader.cc:53] Could not dlopen library 'libcurand.so.10.0'; dlerror: libcurand.so.10.0: cannot open shared object file: No such file or directory; LD_LIBRARY_PATH: /usr/local/cuda-9.0/lib64
2019-08-11 15:21:59.566403: I tensorflow/stream_executor/platform/default/dso_loader.cc:53] Could not dlopen library 'libcusolver.so.10.0'; dlerror: libcusolver.so.10.0: cannot open shared object file: No such file or directory; LD_LIBRARY_PATH: /usr/local/cuda-9.0/lib64
2019-08-11 15:21:59.566438: I tensorflow/stream_executor/platform/default/dso_loader.cc:53] Could not dlopen library 'libcusparse.so.10.0'; dlerror: libcusparse.so.10.0: cannot open shared object file: No such file or directory; LD_LIBRARY_PATH: /usr/local/cuda-9.0/lib64
2019-08-11 15:21:59.568404: I tensorflow/stream_executor/platform/default/dso_loader.cc:42] Successfully opened dynamic library libcudnn.so.7
2019-08-11 15:21:59.568427: W tensorflow/core/common_runtime/gpu/gpu_device.cc:1663] Cannot dlopen some GPU libraries. Skipping registering GPU devices...
2019-08-11 15:21:59.568710: I tensorflow/core/platform/cpu_feature_guard.cc:142] Your CPU supports instructions that this TensorFlow binary was not compiled to use: AVX2 AVX512F FMA
2019-08-11 15:21:59.598461: I tensorflow/core/platform/profile_utils/cpu_utils.cc:94] CPU Frequency: 2900000000 Hz
2019-08-11 15:21:59.600223: I tensorflow/compiler/xla/service/service.cc:168] XLA service 0x561bedc23ac0 executing computations on platform Host. Devices:
2019-08-11 15:21:59.600264: I tensorflow/compiler/xla/service/service.cc:175]   StreamExecutor device (0): <undefined>, <undefined>
2019-08-11 15:21:59.600380: I tensorflow/core/common_runtime/gpu/gpu_device.cc:1181] Device interconnect StreamExecutor with strength 1 edge matrix:
2019-08-11 15:21:59.600396: I tensorflow/core/common_runtime/gpu/gpu_device.cc:1187]      
2019-08-11 15:22:00.038741: I tensorflow/compiler/xla/service/service.cc:168] XLA service 0x561bedc82400 executing computations on platform CUDA. Devices:
2019-08-11 15:22:00.038797: I tensorflow/compiler/xla/service/service.cc:175]   StreamExecutor device (0): GeForce GTX 1080 Ti, Compute Capability 6.1
2019-08-11 15:22:00.038813: I tensorflow/compiler/xla/service/service.cc:175]   StreamExecutor device (1): GeForce GTX 1080 Ti, Compute Capability 6.1
2019-08-11 15:22:00.680873: W tensorflow/compiler/jit/mark_for_compilation_pass.cc:1412] (One-time warning): Not using XLA:CPU for cluster because envvar TF_XLA_FLAGS=--tf_xla_cpu_global_jit was not set.  If you want XLA:CPU, either set that envvar, or use experimental_jit_scope to enable XLA:CPU.  To confirm that XLA is active, pass --vmodule=xla_compilation_cache=1 (as a proper command-line flag, not via TF_XLA_FLAGS) or set the envvar XLA_FLAGS=--xla_hlo_profile.
W0811 15:22:00.806127 139816850208512 deprecation_wrapper.py:119] From /home/edal/Documents/Ben/idlm_Ben/Tandem/Tandem_network_maker.py:163: The name tf.summary.FileWriter is deprecated. Please use tf.compat.v1.summary.FileWriter instead.

