nohup: ignoring input
WARNING: Logging before flag parsing goes to stderr.
W0807 22:28:36.567807 139765875537664 deprecation_wrapper.py:119] From /home/edal/anaconda3/lib/python3.7/site-packages/tfplot/figure.py:18: The name tf.Summary is deprecated. Please use tf.compat.v1.Summary instead.

W0807 22:28:36.569616 139765875537664 deprecation_wrapper.py:119] From train.py:115: The name tf.reset_default_graph is deprecated. Please use tf.compat.v1.reset_default_graph instead.

W0807 22:28:45.252068 139765875537664 deprecation_wrapper.py:119] From /home/edal/Documents/Ben/2019.08/0805/Backprop/data_reader.py:234: The name tf.data.Iterator is deprecated. Please use tf.compat.v1.data.Iterator instead.

W0807 22:28:45.252216 139765875537664 deprecation.py:323] From /home/edal/Documents/Ben/2019.08/0805/Backprop/data_reader.py:234: DatasetV1.output_types (from tensorflow.python.data.ops.dataset_ops) is deprecated and will be removed in a future version.
Instructions for updating:
Use `tf.compat.v1.data.get_output_types(dataset)`.
W0807 22:28:45.252276 139765875537664 deprecation.py:323] From /home/edal/Documents/Ben/2019.08/0805/Backprop/data_reader.py:234: DatasetV1.output_shapes (from tensorflow.python.data.ops.dataset_ops) is deprecated and will be removed in a future version.
Instructions for updating:
Use `tf.compat.v1.data.get_output_shapes(dataset)`.
W0807 22:28:45.254031 139765875537664 deprecation.py:323] From /home/edal/anaconda3/lib/python3.7/site-packages/tensorflow/python/data/ops/iterator_ops.py:348: Iterator.output_types (from tensorflow.python.data.ops.iterator_ops) is deprecated and will be removed in a future version.
Instructions for updating:
Use `tf.compat.v1.data.get_output_types(iterator)`.
W0807 22:28:45.254139 139765875537664 deprecation.py:323] From /home/edal/anaconda3/lib/python3.7/site-packages/tensorflow/python/data/ops/iterator_ops.py:349: Iterator.output_shapes (from tensorflow.python.data.ops.iterator_ops) is deprecated and will be removed in a future version.
Instructions for updating:
Use `tf.compat.v1.data.get_output_shapes(iterator)`.
W0807 22:28:45.254184 139765875537664 deprecation.py:323] From /home/edal/anaconda3/lib/python3.7/site-packages/tensorflow/python/data/ops/iterator_ops.py:351: Iterator.output_classes (from tensorflow.python.data.ops.iterator_ops) is deprecated and will be removed in a future version.
Instructions for updating:
Use `tf.compat.v1.data.get_output_classes(iterator)`.
W0807 22:28:45.260582 139765875537664 deprecation_wrapper.py:119] From /home/edal/Documents/Ben/2019.08/0805/Backprop/Backprop_network_maker.py:47: The name tf.train.exponential_decay is deprecated. Please use tf.compat.v1.train.exponential_decay instead.

W0807 22:28:45.269260 139765875537664 deprecation_wrapper.py:119] From /home/edal/Documents/Ben/2019.08/0805/Backprop/model_maker.py:66: The name tf.get_variable is deprecated. Please use tf.compat.v1.get_variable instead.

W0807 22:28:45.689204 139765875537664 lazy_loader.py:50] 
The TensorFlow contrib module will not be included in TensorFlow 2.0.
For more information, please see:
  * https://github.com/tensorflow/community/blob/master/rfcs/20180907-contrib-sunset.md
  * https://github.com/tensorflow/addons
  * https://github.com/tensorflow/io (for I/O related ops)
If you depend on functionality not listed there, please file an issue.

W0807 22:28:45.689366 139765875537664 deprecation.py:323] From /home/edal/Documents/Ben/2019.08/0805/Backprop/model_maker.py:86: dense (from tensorflow.python.layers.core) is deprecated and will be removed in a future version.
Instructions for updating:
Use keras.layers.dense instead.
W0807 22:28:45.933862 139765875537664 deprecation_wrapper.py:119] From /home/edal/Documents/Ben/2019.08/0805/Backprop/model_maker.py:88: The name tf.summary.histogram is deprecated. Please use tf.compat.v1.summary.histogram instead.

W0807 22:28:45.937357 139765875537664 deprecation_wrapper.py:119] From /home/edal/Documents/Ben/2019.08/0805/Backprop/model_maker.py:98: The name tf.random_normal is deprecated. Please use tf.random.normal instead.

W0807 22:28:45.977779 139765875537664 deprecation.py:323] From /home/edal/Documents/Ben/2019.08/0805/Backprop/model_maker.py:103: conv1d (from tensorflow.python.layers.convolutional) is deprecated and will be removed in a future version.
Instructions for updating:
Use `tf.keras.layers.Conv1D` instead.
W0807 22:28:45.978715 139765875537664 deprecation.py:506] From /home/edal/anaconda3/lib/python3.7/site-packages/tensorflow/python/ops/init_ops.py:1251: calling VarianceScaling.__init__ (from tensorflow.python.ops.init_ops) with dtype is deprecated and will be removed in a future version.
Instructions for updating:
Call initializer instance with the dtype argument instead of passing it to the constructor
W0807 22:28:46.039713 139765875537664 deprecation_wrapper.py:119] From /home/edal/Documents/Ben/2019.08/0805/Backprop/model_maker.py:108: The name tf.summary.merge_all is deprecated. Please use tf.compat.v1.summary.merge_all instead.

W0807 22:28:46.040260 139765875537664 deprecation_wrapper.py:119] From /home/edal/Documents/Ben/2019.08/0805/Backprop/Backprop_network_maker.py:98: The name tf.variable_scope is deprecated. Please use tf.compat.v1.variable_scope instead.

W0807 22:28:46.040441 139765875537664 deprecation_wrapper.py:119] From /home/edal/Documents/Ben/2019.08/0805/Backprop/Backprop_network_maker.py:99: The name tf.losses.mean_squared_error is deprecated. Please use tf.compat.v1.losses.mean_squared_error instead.

W0807 22:28:46.046550 139765875537664 deprecation.py:323] From /home/edal/anaconda3/lib/python3.7/site-packages/tensorflow/python/ops/losses/losses_impl.py:121: add_dispatch_support.<locals>.wrapper (from tensorflow.python.ops.array_ops) is deprecated and will be removed in a future version.
Instructions for updating:
Use tf.where in 2.0, which has the same broadcast rule as np.where
W0807 22:28:46.052207 139765875537664 deprecation_wrapper.py:119] From /home/edal/Documents/Ben/2019.08/0805/Backprop/Backprop_network_maker.py:100: The name tf.losses.get_regularization_loss is deprecated. Please use tf.compat.v1.losses.get_regularization_loss instead.

W0807 22:28:46.053468 139765875537664 deprecation_wrapper.py:119] From /home/edal/Documents/Ben/2019.08/0805/Backprop/Backprop_network_maker.py:109: The name tf.train.AdamOptimizer is deprecated. Please use tf.compat.v1.train.AdamOptimizer instead.

W0807 22:28:46.648525 139765875537664 deprecation_wrapper.py:119] From /home/edal/Documents/Ben/2019.08/0805/Backprop/network_helper.py:144: The name tf.summary.scalar is deprecated. Please use tf.compat.v1.summary.scalar instead.

2019-08-07 22:28:46.652290: I tensorflow/stream_executor/platform/default/dso_loader.cc:42] Successfully opened dynamic library libcuda.so.1
2019-08-07 22:28:46.697503: I tensorflow/core/common_runtime/gpu/gpu_device.cc:1640] Found device 0 with properties: 
name: GeForce GTX 1080 Ti major: 6 minor: 1 memoryClockRate(GHz): 1.582
pciBusID: 0000:1a:00.0
2019-08-07 22:28:46.698533: I tensorflow/core/common_runtime/gpu/gpu_device.cc:1640] Found device 1 with properties: 
name: GeForce GTX 1080 Ti major: 6 minor: 1 memoryClockRate(GHz): 1.582
pciBusID: 0000:68:00.0
2019-08-07 22:28:46.698651: I tensorflow/stream_executor/platform/default/dso_loader.cc:53] Could not dlopen library 'libcudart.so.10.0'; dlerror: libcudart.so.10.0: cannot open shared object file: No such file or directory; LD_LIBRARY_PATH: /usr/local/cuda-9.0/lib64
2019-08-07 22:28:46.698712: I tensorflow/stream_executor/platform/default/dso_loader.cc:53] Could not dlopen library 'libcublas.so.10.0'; dlerror: libcublas.so.10.0: cannot open shared object file: No such file or directory; LD_LIBRARY_PATH: /usr/local/cuda-9.0/lib64
2019-08-07 22:28:46.698760: I tensorflow/stream_executor/platform/default/dso_loader.cc:53] Could not dlopen library 'libcufft.so.10.0'; dlerror: libcufft.so.10.0: cannot open shared object file: No such file or directory; LD_LIBRARY_PATH: /usr/local/cuda-9.0/lib64
2019-08-07 22:28:46.698811: I tensorflow/stream_executor/platform/default/dso_loader.cc:53] Could not dlopen library 'libcurand.so.10.0'; dlerror: libcurand.so.10.0: cannot open shared object file: No such file or directory; LD_LIBRARY_PATH: /usr/local/cuda-9.0/lib64
2019-08-07 22:28:46.698867: I tensorflow/stream_executor/platform/default/dso_loader.cc:53] Could not dlopen library 'libcusolver.so.10.0'; dlerror: libcusolver.so.10.0: cannot open shared object file: No such file or directory; LD_LIBRARY_PATH: /usr/local/cuda-9.0/lib64
2019-08-07 22:28:46.698916: I tensorflow/stream_executor/platform/default/dso_loader.cc:53] Could not dlopen library 'libcusparse.so.10.0'; dlerror: libcusparse.so.10.0: cannot open shared object file: No such file or directory; LD_LIBRARY_PATH: /usr/local/cuda-9.0/lib64
2019-08-07 22:28:46.701215: I tensorflow/stream_executor/platform/default/dso_loader.cc:42] Successfully opened dynamic library libcudnn.so.7
2019-08-07 22:28:46.701241: W tensorflow/core/common_runtime/gpu/gpu_device.cc:1663] Cannot dlopen some GPU libraries. Skipping registering GPU devices...
2019-08-07 22:28:46.701543: I tensorflow/core/platform/cpu_feature_guard.cc:142] Your CPU supports instructions that this TensorFlow binary was not compiled to use: AVX2 AVX512F FMA
2019-08-07 22:28:46.731974: I tensorflow/core/platform/profile_utils/cpu_utils.cc:94] CPU Frequency: 2900000000 Hz
2019-08-07 22:28:46.733925: I tensorflow/compiler/xla/service/service.cc:168] XLA service 0x56171c0a1130 executing computations on platform Host. Devices:
2019-08-07 22:28:46.733973: I tensorflow/compiler/xla/service/service.cc:175]   StreamExecutor device (0): <undefined>, <undefined>
2019-08-07 22:28:46.734101: I tensorflow/core/common_runtime/gpu/gpu_device.cc:1181] Device interconnect StreamExecutor with strength 1 edge matrix:
2019-08-07 22:28:46.734118: I tensorflow/core/common_runtime/gpu/gpu_device.cc:1187]      
2019-08-07 22:28:47.199349: I tensorflow/compiler/xla/service/service.cc:168] XLA service 0x56171c0ffa70 executing computations on platform CUDA. Devices:
2019-08-07 22:28:47.199404: I tensorflow/compiler/xla/service/service.cc:175]   StreamExecutor device (0): GeForce GTX 1080 Ti, Compute Capability 6.1
2019-08-07 22:28:47.199418: I tensorflow/compiler/xla/service/service.cc:175]   StreamExecutor device (1): GeForce GTX 1080 Ti, Compute Capability 6.1
2019-08-07 22:28:47.459839: W tensorflow/compiler/jit/mark_for_compilation_pass.cc:1412] (One-time warning): Not using XLA:CPU for cluster because envvar TF_XLA_FLAGS=--tf_xla_cpu_global_jit was not set.  If you want XLA:CPU, either set that envvar, or use experimental_jit_scope to enable XLA:CPU.  To confirm that XLA is active, pass --vmodule=xla_compilation_cache=1 (as a proper command-line flag, not via TF_XLA_FLAGS) or set the envvar XLA_FLAGS=--xla_hlo_profile.
W0807 22:28:47.505388 139765875537664 deprecation_wrapper.py:119] From /home/edal/Documents/Ben/2019.08/0805/Backprop/Backprop_network_maker.py:158: The name tf.summary.FileWriter is deprecated. Please use tf.compat.v1.summary.FileWriter instead.

