/home/edal/Documents/Ben/idlm_Ben/Backprop/models/20190821_225753
getting data files...
['bp35_OutMod.csv', 'bp36OutMod.csv', 'bp23_24_fix_Out.csv', 'bp27_28_fix_Out.csv', 'bp29_30_fix_Out.csv', 'bp25_OutMod.csv', 'bp26_OutMod.csv', 'bp32_OutMod.csv', 'bp28_OutMod.csv', 'bp35_36_fix_Out.csv', 'bp23_OutMod.csv', 'bp22_OutMod.csv', 'bp29_OutMod.csv', 'bp30_OutMod.csv', 'bp21_22_fix_Out.csv', 'bp27_OutMod.csv', 'bp31_OutMod.csv', 'bp21_OutMod.csv', 'bp24_OutMod.csv', 'bp25_26_fix_Out.csv', 'bp31_32_fix_Out.csv']
Splitting training data into test set, the ratio is: 0.2
total number of training samples is 16798
total number of test samples is 4200 length of an input spectrum is 2001
downsampling output curves
length of downsampled train spectra is 300 for first, 300 for final,  set final layer size to be compatible with this number
length of downsampled test spectra is 300,  set final layer size to be compatible with this number
generating TF dataset
Geometry_tensor_shape (32, 8)
[[-1. -1. -1. -1.]]
shape of h: (32, 4)
shape of r: (32, 4)
shape of h_low: (1, 4)
Evaluating the model ...
loaded /home/edal/Documents/Ben/idlm_Ben/Backprop/models/20190821_225753/model.ckpt
summary_writer directory is /home/edal/Documents/Ben/idlm_Ben/Backprop/models/20190821_225753/evalSummary
Train_bool: False
25152
Random number within range [-1, 1, -1, 1]
shape before repeat (300,)
Size of the target spectra repeat (32, 300)
Loss at inference step0 : 0.042944859713315964
Loss at inference step500 : 0.0006567459786310792
Loss is lower than the threshold0.001, inference stop
Loss at inference step1000 : 0.0007559910300187767
Loss is lower than the threshold0.001, inference stop
Loss at inference step1500 : 0.001330648548901081
Loss at inference step2000 : 0.0017744627548381686
Loss at inference step2500 : 1.7953954935073853
Loss at inference step3000 : 0.001753354794345796
Loss at inference step3500 : 0.0017291760304942727
Loss at inference step4000 : 0.001167973387055099
Loss at inference step4500 : 0.0016626062570139766
